mode: set
gocodenow/cmd/git-demo/main.go:14.13,20.16 4 0
gocodenow/cmd/git-demo/main.go:20.16,22.3 1 0
gocodenow/cmd/git-demo/main.go:25.2,35.16 5 0
gocodenow/cmd/git-demo/main.go:35.16,37.3 1 0
gocodenow/cmd/git-demo/main.go:37.8,37.27 1 0
gocodenow/cmd/git-demo/main.go:37.27,40.40 3 0
gocodenow/cmd/git-demo/main.go:40.40,42.4 1 0
gocodenow/cmd/git-demo/main.go:43.3,44.29 2 0
gocodenow/cmd/git-demo/main.go:44.29,46.4 1 0
gocodenow/cmd/git-demo/main.go:47.3,47.26 1 0
gocodenow/cmd/git-demo/main.go:47.26,49.4 1 0
gocodenow/cmd/git-demo/main.go:50.3,50.30 1 0
gocodenow/cmd/git-demo/main.go:50.30,52.4 1 0
gocodenow/cmd/git-demo/main.go:53.3,53.52 1 0
gocodenow/cmd/git-demo/main.go:53.52,55.4 1 0
gocodenow/cmd/git-demo/main.go:59.2,68.16 5 0
gocodenow/cmd/git-demo/main.go:68.16,70.3 1 0
gocodenow/cmd/git-demo/main.go:70.8,70.27 1 0
gocodenow/cmd/git-demo/main.go:70.27,77.34 5 0
gocodenow/cmd/git-demo/main.go:77.34,79.4 1 0
gocodenow/cmd/git-demo/main.go:80.3,80.32 1 0
gocodenow/cmd/git-demo/main.go:80.32,86.4 2 0
gocodenow/cmd/git-demo/main.go:88.3,88.52 1 0
gocodenow/cmd/git-demo/main.go:88.52,90.4 1 0
gocodenow/cmd/git-demo/main.go:94.2,103.16 5 0
gocodenow/cmd/git-demo/main.go:103.16,105.3 1 0
gocodenow/cmd/git-demo/main.go:105.8,105.27 1 0
gocodenow/cmd/git-demo/main.go:105.27,108.47 3 0
gocodenow/cmd/git-demo/main.go:108.47,110.4 1 0
gocodenow/cmd/git-demo/main.go:113.3,114.32 2 0
gocodenow/cmd/git-demo/main.go:114.32,116.4 1 0
gocodenow/cmd/git-demo/main.go:117.3,117.32 1 0
gocodenow/cmd/git-demo/main.go:117.32,124.4 2 0
gocodenow/cmd/git-demo/main.go:126.3,126.52 1 0
gocodenow/cmd/git-demo/main.go:126.52,128.4 1 0
gocodenow/cmd/git-demo/main.go:132.2,145.33 5 0
gocodenow/cmd/git-demo/main.go:145.33,147.46 2 0
gocodenow/cmd/git-demo/main.go:147.46,149.9 2 0
gocodenow/cmd/git-demo/main.go:153.2,153.21 1 0
gocodenow/cmd/git-demo/main.go:153.21,161.17 3 0
gocodenow/cmd/git-demo/main.go:161.17,163.4 1 0
gocodenow/cmd/git-demo/main.go:163.9,163.28 1 0
gocodenow/cmd/git-demo/main.go:163.28,176.42 7 0
gocodenow/cmd/git-demo/main.go:176.42,178.5 1 0
gocodenow/cmd/git-demo/main.go:181.4,181.38 1 0
gocodenow/cmd/git-demo/main.go:181.38,182.43 1 0
gocodenow/cmd/git-demo/main.go:182.43,183.45 1 0
gocodenow/cmd/git-demo/main.go:183.45,185.7 1 0
gocodenow/cmd/git-demo/main.go:189.4,190.30 2 0
gocodenow/cmd/git-demo/main.go:190.30,192.5 1 0
gocodenow/cmd/git-demo/main.go:193.4,193.33 1 0
gocodenow/cmd/git-demo/main.go:193.33,198.5 3 0
gocodenow/cmd/git-demo/main.go:200.4,200.53 1 0
gocodenow/cmd/git-demo/main.go:200.53,202.5 1 0
gocodenow/cmd/git-demo/main.go:204.8,206.3 1 0
gocodenow/cmd/git-demo/main.go:209.2,209.48 1 0
gocodenow/cmd/git-demo/main.go:209.48,223.66 4 0
gocodenow/cmd/git-demo/main.go:223.66,225.4 1 0
gocodenow/cmd/git-demo/main.go:225.9,227.4 1 0
gocodenow/cmd/git-demo/main.go:230.2,232.60 3 0
gocodenow/cmd/context-test/main.go:15.13,18.16 2 0
gocodenow/cmd/context-test/main.go:18.16,20.3 1 0
gocodenow/cmd/context-test/main.go:23.2,30.16 5 0
gocodenow/cmd/context-test/main.go:30.16,32.3 1 0
gocodenow/cmd/context-test/main.go:35.2,39.20 5 0
gocodenow/cmd/context-test/main.go:39.20,43.3 3 0
gocodenow/cmd/context-test/main.go:45.2,46.37 2 0
gocodenow/cmd/context-test/main.go:46.37,51.18 1 0
gocodenow/cmd/context-test/main.go:51.18,52.21 1 0
gocodenow/cmd/context-test/main.go:52.21,54.6 1 0
gocodenow/cmd/context-test/main.go:55.5,55.14 1 0
gocodenow/cmd/context-test/main.go:60.2,61.38 2 0
gocodenow/cmd/context-test/main.go:61.38,63.23 2 0
gocodenow/cmd/context-test/main.go:63.23,65.4 1 0
gocodenow/cmd/context-test/main.go:66.3,66.31 1 0
gocodenow/cmd/context-test/main.go:66.31,68.4 1 0
gocodenow/cmd/context-test/main.go:69.3,69.26 1 0
gocodenow/cmd/context-test/main.go:69.26,71.4 1 0
gocodenow/cmd/context-test/main.go:74.2,78.55 5 0
gocodenow/cmd/context-test/main.go:78.55,80.3 1 0
gocodenow/cmd/context-test/main.go:82.2,82.37 1 0
gocodenow/cmd/context-test/main.go:82.37,84.47 2 0
gocodenow/cmd/context-test/main.go:84.47,85.14 1 0
gocodenow/cmd/context-test/main.go:85.14,86.10 1 0
gocodenow/cmd/context-test/main.go:88.4,88.67 1 0
gocodenow/cmd/context-test/main.go:92.2,93.45 2 0
gocodenow/cmd/context-test/main.go:93.45,94.14 1 0
gocodenow/cmd/context-test/main.go:94.14,96.9 2 0
gocodenow/cmd/context-test/main.go:98.3,98.32 1 0
gocodenow/cmd/context-test/main.go:101.2,107.48 5 0
gocodenow/cmd/context-test/main.go:107.48,109.17 2 0
gocodenow/cmd/context-test/main.go:109.17,111.4 1 0
gocodenow/cmd/context-test/main.go:113.3,114.66 2 0
gocodenow/cmd/context-test/main.go:114.66,116.4 1 0
gocodenow/cmd/context-test/main.go:118.3,118.58 1 0
gocodenow/cmd/context-test/main.go:121.2,122.58 2 0
gocodenow/cmd/context-test/main.go:125.24,126.11 1 0
gocodenow/cmd/context-test/main.go:126.11,128.3 1 0
gocodenow/cmd/context-test/main.go:129.2,129.10 1 0
gocodenow/cmd/context-test/main.go:132.44,134.19 2 0
gocodenow/cmd/context-test/main.go:134.19,136.3 1 0
gocodenow/cmd/context-test/main.go:137.2,137.13 1 0
gocodenow/cmd/syntax-demo/main.go:12.13,39.16 7 0
gocodenow/cmd/syntax-demo/main.go:39.16,41.3 1 0
gocodenow/cmd/syntax-demo/main.go:41.8,43.3 1 0
gocodenow/cmd/syntax-demo/main.go:46.2,67.16 5 0
gocodenow/cmd/syntax-demo/main.go:67.16,69.3 1 0
gocodenow/cmd/syntax-demo/main.go:69.8,71.3 1 0
gocodenow/cmd/syntax-demo/main.go:74.2,100.16 5 0
gocodenow/cmd/syntax-demo/main.go:100.16,102.3 1 0
gocodenow/cmd/syntax-demo/main.go:102.8,104.3 1 0
gocodenow/cmd/syntax-demo/main.go:107.2,132.16 5 0
gocodenow/cmd/syntax-demo/main.go:132.16,134.3 1 0
gocodenow/cmd/syntax-demo/main.go:134.8,136.3 1 0
gocodenow/cmd/syntax-demo/main.go:139.2,158.16 4 0
gocodenow/cmd/syntax-demo/main.go:158.16,160.3 1 0
gocodenow/cmd/syntax-demo/main.go:160.8,161.32 1 0
gocodenow/cmd/syntax-demo/main.go:161.32,164.4 2 0
gocodenow/cmd/syntax-demo/main.go:168.2,176.31 6 0
gocodenow/cmd/syntax-demo/main.go:176.31,178.16 2 0
gocodenow/cmd/syntax-demo/main.go:178.16,180.4 1 0
gocodenow/cmd/syntax-demo/main.go:180.9,180.24 1 0
gocodenow/cmd/syntax-demo/main.go:180.24,182.4 1 0
gocodenow/cmd/syntax-demo/main.go:185.2,186.35 2 0
gocodenow/cmd/syntax-demo/main.go:186.35,188.3 1 0
gocodenow/cmd/syntax-demo/main.go:190.2,191.36 2 0
gocodenow/cmd/syntax-demo/main.go:191.36,193.3 1 0
gocodenow/cmd/syntax-demo/main.go:196.2,207.43 4 0
gocodenow/cmd/syntax-demo/main.go:207.43,209.21 2 0
gocodenow/cmd/syntax-demo/main.go:209.21,211.4 1 0
gocodenow/cmd/syntax-demo/main.go:212.3,212.69 1 0
gocodenow/cmd/syntax-demo/main.go:216.2,235.16 5 0
gocodenow/cmd/syntax-demo/main.go:235.16,237.3 1 0
gocodenow/cmd/syntax-demo/main.go:237.8,239.3 1 0
gocodenow/cmd/syntax-demo/main.go:241.2,250.55 10 0
gocodenow/cmd/gocodenow/main.go:12.13,15.16 2 0
gocodenow/cmd/gocodenow/main.go:15.16,18.3 2 0
gocodenow/cmd/gocodenow/main.go:21.2,37.23 6 0
gocodenow/cmd/gocodenow/main.go:37.23,38.73 1 0
gocodenow/cmd/gocodenow/main.go:38.73,41.4 2 0
gocodenow/cmd/gocodenow/main.go:41.9,43.4 1 0
gocodenow/cmd/gocodenow/main.go:47.2,50.51 2 0
gocodenow/cmd/gocodenow/main.go:50.51,53.3 2 0
gocodenow/cmd/gocodenow/main.go:56.2,57.42 2 0
gocodenow/cmd/gocodenow/main.go:57.42,60.3 2 0
gocodenow/cmd/search-demo/main.go:14.13,20.16 4 0
gocodenow/cmd/search-demo/main.go:20.16,22.3 1 0
gocodenow/cmd/search-demo/main.go:25.2,34.16 5 0
gocodenow/cmd/search-demo/main.go:34.16,36.3 1 0
gocodenow/cmd/search-demo/main.go:36.8,36.27 1 0
gocodenow/cmd/search-demo/main.go:36.27,39.52 3 0
gocodenow/cmd/search-demo/main.go:39.52,41.4 1 0
gocodenow/cmd/search-demo/main.go:45.2,56.16 5 0
gocodenow/cmd/search-demo/main.go:56.16,58.3 1 0
gocodenow/cmd/search-demo/main.go:58.8,58.27 1 0
gocodenow/cmd/search-demo/main.go:58.27,63.52 3 0
gocodenow/cmd/search-demo/main.go:63.52,65.4 1 0
gocodenow/cmd/search-demo/main.go:69.2,83.16 5 0
gocodenow/cmd/search-demo/main.go:83.16,85.3 1 0
gocodenow/cmd/search-demo/main.go:85.8,85.27 1 0
gocodenow/cmd/search-demo/main.go:85.27,90.58 3 0
gocodenow/cmd/search-demo/main.go:90.58,95.29 4 0
gocodenow/cmd/search-demo/main.go:95.29,97.5 1 0
gocodenow/cmd/search-demo/main.go:98.4,98.34 1 0
gocodenow/cmd/search-demo/main.go:98.34,99.23 1 0
gocodenow/cmd/search-demo/main.go:99.23,101.6 1 0
gocodenow/cmd/search-demo/main.go:107.2,118.16 5 0
gocodenow/cmd/search-demo/main.go:118.16,120.3 1 0
gocodenow/cmd/search-demo/main.go:120.8,120.27 1 0
gocodenow/cmd/search-demo/main.go:120.27,122.48 2 0
gocodenow/cmd/search-demo/main.go:122.48,127.29 4 0
gocodenow/cmd/search-demo/main.go:127.29,129.5 1 0
gocodenow/cmd/search-demo/main.go:130.4,130.34 1 0
gocodenow/cmd/search-demo/main.go:130.34,132.5 1 0
gocodenow/cmd/search-demo/main.go:133.4,133.29 1 0
gocodenow/cmd/search-demo/main.go:133.29,135.5 1 0
gocodenow/cmd/search-demo/main.go:138.3,138.52 1 0
gocodenow/cmd/search-demo/main.go:138.52,140.4 1 0
gocodenow/cmd/search-demo/main.go:144.2,155.16 5 0
gocodenow/cmd/search-demo/main.go:155.16,157.3 1 0
gocodenow/cmd/search-demo/main.go:157.8,157.27 1 0
gocodenow/cmd/search-demo/main.go:157.27,160.52 3 0
gocodenow/cmd/search-demo/main.go:160.52,162.4 1 0
gocodenow/cmd/search-demo/main.go:166.2,166.48 1 0
gocodenow/cmd/search-demo/main.go:166.48,181.66 4 0
gocodenow/cmd/search-demo/main.go:181.66,183.4 1 0
gocodenow/cmd/search-demo/main.go:183.9,185.4 1 0
gocodenow/cmd/search-demo/main.go:188.2,190.60 3 0
gocodenow/internal/app/app.go:30.35,52.2 6 0
gocodenow/internal/app/app.go:55.95,61.16 4 0
gocodenow/internal/app/app.go:61.16,67.3 1 0
gocodenow/internal/app/app.go:68.2,72.16 3 0
gocodenow/internal/app/app.go:72.16,78.3 1 0
gocodenow/internal/app/app.go:81.2,81.24 1 0
gocodenow/internal/app/app.go:81.24,82.41 1 0
gocodenow/internal/app/app.go:82.41,83.32 1 0
gocodenow/internal/app/app.go:83.32,89.5 1 0
gocodenow/internal/app/app.go:93.3,97.4 1 0
gocodenow/internal/app/app.go:101.2,105.3 1 0
gocodenow/internal/app/app.go:109.50,110.24 1 0
gocodenow/internal/app/app.go:110.24,113.17 2 0
gocodenow/internal/app/app.go:113.17,115.4 1 0
gocodenow/internal/app/app.go:116.3,116.23 1 0
gocodenow/internal/app/app.go:118.2,118.25 1 0
gocodenow/internal/app/app.go:122.38,123.24 1 0
gocodenow/internal/app/app.go:123.24,127.3 3 0
gocodenow/internal/app/app.go:128.2,128.12 1 0
gocodenow/internal/app/app.go:132.27,136.2 3 0
gocodenow/cmd/test-db/main.go:10.13,13.47 2 0
gocodenow/cmd/test-db/main.go:13.47,16.3 2 0
gocodenow/cmd/test-db/main.go:18.2,18.48 1 0
gocodenow/internal/config/defaults.go:10.30,18.2 1 1
gocodenow/internal/config/defaults.go:21.35,30.2 1 1
gocodenow/internal/config/defaults.go:33.43,46.2 2 1
gocodenow/internal/config/defaults.go:49.45,52.16 2 1
gocodenow/internal/config/defaults.go:52.16,54.3 1 0
gocodenow/internal/config/defaults.go:56.2,71.3 1 1
gocodenow/internal/config/defaults.go:75.33,83.2 1 1
gocodenow/internal/config/defaults.go:86.39,93.2 1 1
gocodenow/internal/config/defaults.go:96.30,98.60 1 1
gocodenow/internal/config/defaults.go:98.60,100.3 1 1
gocodenow/internal/config/defaults.go:103.2,103.52 1 1
gocodenow/internal/config/defaults.go:103.52,105.3 1 1
gocodenow/internal/config/defaults.go:108.2,109.16 2 1
gocodenow/internal/config/defaults.go:109.16,111.3 1 0
gocodenow/internal/config/defaults.go:114.2,114.9 1 1
gocodenow/internal/config/defaults.go:115.73,117.51 1 1
gocodenow/internal/config/defaults.go:118.34,120.30 1 0
gocodenow/internal/config/defaults.go:121.10,124.27 2 0
gocodenow/internal/config/defaults.go:124.27,126.4 1 0
gocodenow/internal/config/defaults.go:127.3,127.43 1 0
gocodenow/internal/config/defaults.go:132.35,135.2 2 1
gocodenow/internal/config/environment.go:48.50,61.2 4 0
gocodenow/internal/config/environment.go:64.63,66.50 1 0
gocodenow/internal/config/environment.go:66.50,68.3 1 0
gocodenow/internal/config/environment.go:71.2,71.27 1 0
gocodenow/internal/config/environment.go:71.27,72.72 1 0
gocodenow/internal/config/environment.go:72.72,74.4 1 0
gocodenow/internal/config/environment.go:77.2,77.62 1 0
gocodenow/internal/config/environment.go:77.62,79.3 1 0
gocodenow/internal/config/environment.go:81.2,81.32 1 0
gocodenow/internal/config/environment.go:81.32,83.3 1 0
gocodenow/internal/config/environment.go:85.2,85.59 1 0
gocodenow/internal/config/environment.go:85.59,87.3 1 0
gocodenow/internal/config/environment.go:90.2,90.24 1 0
gocodenow/internal/config/environment.go:90.24,92.3 1 0
gocodenow/internal/config/environment.go:95.2,95.17 1 0
gocodenow/internal/config/environment.go:99.30,110.42 3 0
gocodenow/internal/config/environment.go:110.42,111.48 1 0
gocodenow/internal/config/environment.go:111.48,113.4 1 0
gocodenow/internal/config/environment.go:116.2,116.14 1 0
gocodenow/internal/config/environment.go:120.67,122.2 1 0
gocodenow/internal/config/environment.go:125.69,126.33 1 0
gocodenow/internal/config/environment.go:126.33,128.3 1 0
gocodenow/internal/config/environment.go:130.2,131.12 2 0
gocodenow/internal/config/environment.go:135.72,140.37 2 0
gocodenow/internal/config/environment.go:140.37,141.22 1 0
gocodenow/internal/config/environment.go:141.22,143.4 1 0
gocodenow/internal/config/environment.go:146.2,146.14 1 0
gocodenow/internal/config/environment.go:150.62,152.56 1 0
gocodenow/internal/config/environment.go:152.56,154.3 1 0
gocodenow/internal/config/environment.go:157.2,161.16 3 0
gocodenow/internal/config/environment.go:161.16,163.3 1 0
gocodenow/internal/config/environment.go:165.2,165.32 1 0
gocodenow/internal/config/environment.go:165.32,166.62 1 0
gocodenow/internal/config/environment.go:166.62,168.62 2 0
gocodenow/internal/config/environment.go:168.62,172.5 1 0
gocodenow/internal/config/environment.go:176.2,176.12 1 0
gocodenow/internal/config/environment.go:180.57,189.35 2 0
gocodenow/internal/config/environment.go:189.35,191.3 1 0
gocodenow/internal/config/environment.go:195.73,214.2 1 0
gocodenow/internal/config/environment.go:217.69,236.2 1 0
gocodenow/internal/config/environment.go:239.69,258.2 1 0
gocodenow/internal/config/environment.go:261.72,285.2 1 0
gocodenow/internal/config/environment.go:288.67,308.2 1 0
gocodenow/internal/config/environment.go:311.79,314.35 2 0
gocodenow/internal/config/environment.go:314.35,317.3 1 0
gocodenow/internal/config/environment.go:320.2,320.47 1 0
gocodenow/internal/config/environment.go:320.47,321.63 1 0
gocodenow/internal/config/environment.go:321.63,323.4 1 0
gocodenow/internal/config/environment.go:326.2,326.12 1 0
gocodenow/internal/config/environment.go:330.99,332.20 2 0
gocodenow/internal/config/environment.go:332.20,334.3 1 0
gocodenow/internal/config/environment.go:336.2,339.17 3 0
gocodenow/internal/config/environment.go:340.13,341.60 1 0
gocodenow/internal/config/environment.go:342.17,343.68 1 0
gocodenow/internal/config/environment.go:344.18,345.70 1 0
gocodenow/internal/config/environment.go:346.12,347.58 1 0
gocodenow/internal/config/environment.go:348.15,349.64 1 0
gocodenow/internal/config/environment.go:350.10,351.66 1 0
gocodenow/internal/config/environment.go:357.103,358.15 1 0
gocodenow/internal/config/environment.go:359.18,360.36 1 0
gocodenow/internal/config/environment.go:360.36,362.4 1 0
gocodenow/internal/config/environment.go:362.9,364.4 1 0
gocodenow/internal/config/environment.go:365.15,366.36 1 0
gocodenow/internal/config/environment.go:366.36,368.4 1 0
gocodenow/internal/config/environment.go:368.9,370.4 1 0
gocodenow/internal/config/environment.go:371.15,372.36 1 0
gocodenow/internal/config/environment.go:372.36,374.4 1 0
gocodenow/internal/config/environment.go:374.9,376.4 1 0
gocodenow/internal/config/environment.go:377.17,378.44 1 0
gocodenow/internal/config/environment.go:378.44,380.4 1 0
gocodenow/internal/config/environment.go:380.9,382.4 1 0
gocodenow/internal/config/environment.go:383.21,384.44 1 0
gocodenow/internal/config/environment.go:384.44,386.4 1 0
gocodenow/internal/config/environment.go:386.9,388.4 1 0
gocodenow/internal/config/environment.go:389.24,390.44 1 0
gocodenow/internal/config/environment.go:390.44,392.4 1 0
gocodenow/internal/config/environment.go:392.9,394.4 1 0
gocodenow/internal/config/environment.go:395.10,396.52 1 0
gocodenow/internal/config/environment.go:398.2,398.12 1 0
gocodenow/internal/config/environment.go:401.115,402.15 1 0
gocodenow/internal/config/environment.go:403.23,404.36 1 0
gocodenow/internal/config/environment.go:404.36,406.4 1 0
gocodenow/internal/config/environment.go:406.9,408.4 1 0
gocodenow/internal/config/environment.go:409.20,410.44 1 0
gocodenow/internal/config/environment.go:410.44,412.4 1 0
gocodenow/internal/config/environment.go:412.9,414.4 1 0
gocodenow/internal/config/environment.go:415.24,416.49 1 0
gocodenow/internal/config/environment.go:416.49,418.4 1 0
gocodenow/internal/config/environment.go:418.9,420.4 1 0
gocodenow/internal/config/environment.go:421.23,422.44 1 0
gocodenow/internal/config/environment.go:422.44,424.4 1 0
gocodenow/internal/config/environment.go:424.9,426.4 1 0
gocodenow/internal/config/environment.go:427.25,428.49 1 0
gocodenow/internal/config/environment.go:428.49,430.4 1 0
gocodenow/internal/config/environment.go:430.9,432.4 1 0
gocodenow/internal/config/environment.go:433.26,434.49 1 0
gocodenow/internal/config/environment.go:434.49,436.4 1 0
gocodenow/internal/config/environment.go:436.9,438.4 1 0
gocodenow/internal/config/environment.go:439.28,440.34 1 0
gocodenow/internal/config/environment.go:440.34,442.4 1 0
gocodenow/internal/config/environment.go:442.9,444.4 1 0
gocodenow/internal/config/environment.go:445.10,446.56 1 0
gocodenow/internal/config/environment.go:448.2,448.12 1 0
gocodenow/internal/config/environment.go:451.118,454.53 2 0
gocodenow/internal/config/environment.go:454.53,456.3 1 0
gocodenow/internal/config/environment.go:458.2,458.15 1 0
gocodenow/internal/config/environment.go:459.23,460.46 1 0
gocodenow/internal/config/environment.go:460.46,462.4 1 0
gocodenow/internal/config/environment.go:462.9,464.4 1 0
gocodenow/internal/config/environment.go:465.24,466.34 1 0
gocodenow/internal/config/environment.go:466.34,468.4 1 0
gocodenow/internal/config/environment.go:468.9,470.4 1 0
gocodenow/internal/config/environment.go:471.10,472.57 1 0
gocodenow/internal/config/environment.go:474.2,474.12 1 0
gocodenow/internal/config/environment.go:477.125,478.15 1 0
gocodenow/internal/config/environment.go:479.30,480.34 1 0
gocodenow/internal/config/environment.go:480.34,482.4 1 0
gocodenow/internal/config/environment.go:482.9,484.4 1 0
gocodenow/internal/config/environment.go:485.24,486.34 1 0
gocodenow/internal/config/environment.go:486.34,488.4 1 0
gocodenow/internal/config/environment.go:488.9,490.4 1 0
gocodenow/internal/config/environment.go:491.10,492.62 1 0
gocodenow/internal/config/environment.go:494.2,494.12 1 0
gocodenow/internal/config/environment.go:497.100,498.15 1 0
gocodenow/internal/config/environment.go:499.15,500.36 1 0
gocodenow/internal/config/environment.go:500.36,502.4 1 0
gocodenow/internal/config/environment.go:502.9,504.4 1 0
gocodenow/internal/config/environment.go:505.26,506.34 1 0
gocodenow/internal/config/environment.go:506.34,508.4 1 0
gocodenow/internal/config/environment.go:508.9,510.4 1 0
gocodenow/internal/config/environment.go:511.25,512.34 1 0
gocodenow/internal/config/environment.go:512.34,514.4 1 0
gocodenow/internal/config/environment.go:514.9,516.4 1 0
gocodenow/internal/config/environment.go:517.21,518.34 1 0
gocodenow/internal/config/environment.go:518.34,520.4 1 0
gocodenow/internal/config/environment.go:520.9,522.4 1 0
gocodenow/internal/config/environment.go:523.26,524.44 1 0
gocodenow/internal/config/environment.go:524.44,526.4 1 0
gocodenow/internal/config/environment.go:526.9,528.4 1 0
gocodenow/internal/config/environment.go:529.10,530.51 1 0
gocodenow/internal/config/environment.go:532.2,532.12 1 0
gocodenow/internal/config/environment.go:535.109,536.15 1 0
gocodenow/internal/config/environment.go:537.25,538.49 1 0
gocodenow/internal/config/environment.go:538.49,540.4 1 0
gocodenow/internal/config/environment.go:540.9,542.4 1 0
gocodenow/internal/config/environment.go:543.24,544.44 1 0
gocodenow/internal/config/environment.go:544.44,546.4 1 0
gocodenow/internal/config/environment.go:546.9,548.4 1 0
gocodenow/internal/config/environment.go:549.25,550.34 1 0
gocodenow/internal/config/environment.go:550.34,552.4 1 0
gocodenow/internal/config/environment.go:552.9,554.4 1 0
gocodenow/internal/config/environment.go:555.10,556.54 1 0
gocodenow/internal/config/environment.go:558.2,558.12 1 0
gocodenow/internal/config/environment.go:563.75,564.27 1 0
gocodenow/internal/config/environment.go:565.11,566.17 1 0
gocodenow/internal/config/environment.go:567.13,568.22 1 0
gocodenow/internal/config/environment.go:569.13,570.22 1 0
gocodenow/internal/config/environment.go:571.15,572.22 1 0
gocodenow/internal/config/environment.go:573.15,574.22 1 0
gocodenow/internal/config/environment.go:575.14,576.44 1 0
gocodenow/internal/config/environment.go:576.44,578.4 1 0
gocodenow/internal/config/environment.go:580.2,580.17 1 0
gocodenow/internal/config/environment.go:583.79,584.27 1 0
gocodenow/internal/config/environment.go:585.11,586.24 1 0
gocodenow/internal/config/environment.go:587.13,588.24 1 0
gocodenow/internal/config/environment.go:589.13,590.17 1 0
gocodenow/internal/config/environment.go:591.15,592.24 1 0
gocodenow/internal/config/environment.go:593.15,594.24 1 0
gocodenow/internal/config/environment.go:595.14,596.56 1 0
gocodenow/internal/config/environment.go:596.56,598.4 1 0
gocodenow/internal/config/environment.go:600.2,600.17 1 0
gocodenow/internal/config/environment.go:603.90,604.27 1 0
gocodenow/internal/config/environment.go:605.14,606.50 1 0
gocodenow/internal/config/environment.go:606.50,608.4 1 0
gocodenow/internal/config/environment.go:609.11,610.46 1 0
gocodenow/internal/config/environment.go:611.13,612.46 1 0
gocodenow/internal/config/environment.go:613.15,614.46 1 0
gocodenow/internal/config/environment.go:616.2,616.17 1 0
gocodenow/internal/config/environment.go:621.74,623.16 2 0
gocodenow/internal/config/environment.go:623.16,625.3 1 0
gocodenow/internal/config/environment.go:627.2,628.57 2 0
gocodenow/internal/config/environment.go:628.57,630.3 1 0
gocodenow/internal/config/environment.go:632.2,633.12 2 0
gocodenow/internal/config/environment.go:637.76,639.13 2 0
gocodenow/internal/config/environment.go:639.13,641.3 1 0
gocodenow/internal/config/environment.go:644.2,644.34 1 0
gocodenow/internal/config/environment.go:644.34,646.3 1 0
gocodenow/internal/config/environment.go:648.2,652.16 4 0
gocodenow/internal/config/environment.go:652.16,654.3 1 0
gocodenow/internal/config/environment.go:656.2,656.55 1 0
gocodenow/internal/config/environment.go:656.55,658.3 1 0
gocodenow/internal/config/environment.go:660.2,660.12 1 0
gocodenow/internal/config/environment.go:664.74,669.38 2 0
gocodenow/internal/config/environment.go:669.38,670.21 1 0
gocodenow/internal/config/environment.go:670.21,672.4 1 0
gocodenow/internal/config/environment.go:675.2,675.14 1 0
gocodenow/internal/config/environment.go:679.97,680.55 1 0
gocodenow/internal/config/environment.go:680.55,682.3 1 0
gocodenow/internal/config/environment.go:684.2,684.57 1 0
gocodenow/internal/config/environment.go:688.64,690.35 2 0
gocodenow/internal/config/environment.go:690.35,692.3 1 0
gocodenow/internal/config/environment.go:693.2,693.13 1 0
gocodenow/internal/config/loader.go:19.36,25.59 3 1
gocodenow/internal/config/loader.go:25.59,27.26 1 1
gocodenow/internal/config/loader.go:27.26,29.4 1 0
gocodenow/internal/config/loader.go:33.2,34.58 2 1
gocodenow/internal/config/loader.go:34.58,36.26 1 1
gocodenow/internal/config/loader.go:36.26,38.4 1 0
gocodenow/internal/config/loader.go:42.2,42.45 1 1
gocodenow/internal/config/loader.go:42.45,44.3 1 0
gocodenow/internal/config/loader.go:46.2,46.20 1 1
gocodenow/internal/config/loader.go:50.55,53.53 2 1
gocodenow/internal/config/loader.go:53.53,55.3 1 1
gocodenow/internal/config/loader.go:58.2,58.45 1 1
gocodenow/internal/config/loader.go:58.45,60.3 1 0
gocodenow/internal/config/loader.go:62.2,62.20 1 1
gocodenow/internal/config/loader.go:66.56,67.16 1 1
gocodenow/internal/config/loader.go:67.16,69.3 1 0
gocodenow/internal/config/loader.go:72.2,72.35 1 1
gocodenow/internal/config/loader.go:72.35,74.17 2 0
gocodenow/internal/config/loader.go:74.17,76.4 1 0
gocodenow/internal/config/loader.go:77.3,77.42 1 0
gocodenow/internal/config/loader.go:81.2,81.49 1 1
gocodenow/internal/config/loader.go:81.49,83.3 1 1
gocodenow/internal/config/loader.go:86.2,87.16 2 1
gocodenow/internal/config/loader.go:87.16,89.3 1 0
gocodenow/internal/config/loader.go:92.2,93.58 2 1
gocodenow/internal/config/loader.go:93.58,95.3 1 0
gocodenow/internal/config/loader.go:98.2,100.12 2 1
gocodenow/internal/config/loader.go:105.37,120.2 5 1
gocodenow/internal/config/loader.go:122.42,123.24 1 1
gocodenow/internal/config/loader.go:123.24,125.3 1 1
gocodenow/internal/config/loader.go:126.2,126.21 1 1
gocodenow/internal/config/loader.go:126.21,128.3 1 1
gocodenow/internal/config/loader.go:129.2,129.21 1 1
gocodenow/internal/config/loader.go:129.21,131.3 1 1
gocodenow/internal/config/loader.go:132.2,132.22 1 1
gocodenow/internal/config/loader.go:132.22,134.3 1 1
gocodenow/internal/config/loader.go:135.2,135.25 1 1
gocodenow/internal/config/loader.go:135.25,137.3 1 1
gocodenow/internal/config/loader.go:138.2,138.27 1 1
gocodenow/internal/config/loader.go:138.27,140.3 1 1
gocodenow/internal/config/loader.go:143.50,144.28 1 1
gocodenow/internal/config/loader.go:144.28,146.3 1 1
gocodenow/internal/config/loader.go:147.2,147.24 1 1
gocodenow/internal/config/loader.go:147.24,149.3 1 1
gocodenow/internal/config/loader.go:150.2,150.27 1 1
gocodenow/internal/config/loader.go:150.27,152.3 1 1
gocodenow/internal/config/loader.go:153.2,153.26 1 1
gocodenow/internal/config/loader.go:153.26,155.3 1 1
gocodenow/internal/config/loader.go:156.2,156.29 1 1
gocodenow/internal/config/loader.go:156.29,158.3 1 1
gocodenow/internal/config/loader.go:159.2,159.30 1 1
gocodenow/internal/config/loader.go:159.30,161.3 1 1
gocodenow/internal/config/loader.go:163.2,163.47 1 1
gocodenow/internal/config/loader.go:166.52,169.26 2 1
gocodenow/internal/config/loader.go:169.26,171.3 1 1
gocodenow/internal/config/loader.go:172.2,172.31 1 1
gocodenow/internal/config/loader.go:172.31,174.3 1 1
gocodenow/internal/config/loader.go:176.2,176.39 1 1
gocodenow/internal/config/loader.go:179.60,180.31 1 1
gocodenow/internal/config/loader.go:180.31,182.3 1 1
gocodenow/internal/config/loader.go:183.2,183.31 1 1
gocodenow/internal/config/loader.go:183.31,185.3 1 1
gocodenow/internal/config/loader.go:186.2,186.36 1 1
gocodenow/internal/config/loader.go:186.36,188.3 1 1
gocodenow/internal/config/loader.go:189.2,189.36 1 1
gocodenow/internal/config/loader.go:189.36,191.3 1 1
gocodenow/internal/config/loader.go:193.2,194.39 2 1
gocodenow/internal/config/loader.go:197.40,198.21 1 1
gocodenow/internal/config/loader.go:198.21,200.3 1 1
gocodenow/internal/config/loader.go:201.2,201.29 1 1
gocodenow/internal/config/loader.go:201.29,203.3 1 1
gocodenow/internal/config/loader.go:205.2,207.33 3 1
gocodenow/internal/config/loader.go:210.46,211.29 1 1
gocodenow/internal/config/loader.go:211.29,213.3 1 1
gocodenow/internal/config/loader.go:214.2,214.28 1 1
gocodenow/internal/config/loader.go:214.28,216.3 1 1
gocodenow/internal/config/loader.go:217.2,217.35 1 1
gocodenow/internal/config/loader.go:217.35,219.3 1 0
gocodenow/internal/config/loader.go:221.2,221.41 1 1
gocodenow/internal/config/loader.go:227.41,230.55 1 1
gocodenow/internal/config/loader.go:230.55,230.94 2 1
gocodenow/internal/config/loader.go:231.55,231.91 2 1
gocodenow/internal/config/loader.go:232.55,232.91 2 1
gocodenow/internal/config/loader.go:233.59,233.106 2 1
gocodenow/internal/config/loader.go:237.2,237.38 1 1
gocodenow/internal/config/loader.go:237.38,238.46 1 1
gocodenow/internal/config/loader.go:238.46,239.40 1 1
gocodenow/internal/config/loader.go:239.40,241.5 1 0
gocodenow/internal/config/loader.go:245.2,245.12 1 1
gocodenow/internal/config/loader.go:249.32,251.66 1 1
gocodenow/internal/config/loader.go:251.66,253.3 1 1
gocodenow/internal/config/loader.go:256.2,257.16 2 0
gocodenow/internal/config/loader.go:257.16,259.3 1 0
gocodenow/internal/config/loader.go:262.2,262.9 1 0
gocodenow/internal/config/loader.go:263.37,264.71 1 0
gocodenow/internal/config/loader.go:265.34,266.73 1 0
gocodenow/internal/config/loader.go:267.10,269.41 2 0
gocodenow/internal/config/loader.go:269.41,271.4 1 0
gocodenow/internal/config/loader.go:272.3,272.71 1 0
gocodenow/internal/config/loader.go:277.31,279.2 1 1
gocodenow/internal/config/loader.go:282.68,283.40 1 1
gocodenow/internal/config/loader.go:283.40,285.3 1 1
gocodenow/internal/config/loader.go:286.2,286.34 1 1
gocodenow/internal/config/loader.go:286.34,288.3 1 1
gocodenow/internal/config/loader.go:289.2,289.34 1 1
gocodenow/internal/config/loader.go:289.34,291.3 1 1
gocodenow/internal/config/migration.go:60.42,65.2 2 0
gocodenow/internal/config/migration.go:68.86,76.16 3 0
gocodenow/internal/config/migration.go:76.16,79.3 2 0
gocodenow/internal/config/migration.go:82.2,83.16 2 0
gocodenow/internal/config/migration.go:83.16,86.3 2 0
gocodenow/internal/config/migration.go:88.2,92.37 3 0
gocodenow/internal/config/migration.go:92.37,95.3 2 0
gocodenow/internal/config/migration.go:98.2,99.16 2 0
gocodenow/internal/config/migration.go:99.16,102.3 2 0
gocodenow/internal/config/migration.go:103.2,107.89 3 0
gocodenow/internal/config/migration.go:107.89,110.17 3 0
gocodenow/internal/config/migration.go:110.17,114.4 2 0
gocodenow/internal/config/migration.go:118.2,118.69 1 0
gocodenow/internal/config/migration.go:118.69,121.3 2 0
gocodenow/internal/config/migration.go:123.2,124.20 2 0
gocodenow/internal/config/migration.go:128.83,130.94 2 0
gocodenow/internal/config/migration.go:130.94,132.3 1 0
gocodenow/internal/config/migration.go:135.2,136.57 2 0
gocodenow/internal/config/migration.go:136.57,138.3 1 0
gocodenow/internal/config/migration.go:141.2,141.30 1 0
gocodenow/internal/config/migration.go:141.30,143.3 1 0
gocodenow/internal/config/migration.go:143.8,143.37 1 0
gocodenow/internal/config/migration.go:143.37,145.3 1 0
gocodenow/internal/config/migration.go:145.8,147.3 1 0
gocodenow/internal/config/migration.go:151.56,153.36 1 0
gocodenow/internal/config/migration.go:153.36,154.55 1 0
gocodenow/internal/config/migration.go:154.55,155.51 1 0
gocodenow/internal/config/migration.go:155.51,157.5 1 0
gocodenow/internal/config/migration.go:160.2,160.14 1 0
gocodenow/internal/config/migration.go:164.56,166.44 1 0
gocodenow/internal/config/migration.go:166.44,167.58 1 0
gocodenow/internal/config/migration.go:167.58,168.62 1 0
gocodenow/internal/config/migration.go:168.62,170.5 1 0
gocodenow/internal/config/migration.go:171.4,171.61 1 0
gocodenow/internal/config/migration.go:171.61,173.5 1 0
gocodenow/internal/config/migration.go:176.2,176.14 1 0
gocodenow/internal/config/migration.go:180.98,181.56 1 0
gocodenow/internal/config/migration.go:181.56,183.3 1 0
gocodenow/internal/config/migration.go:185.2,190.16 4 0
gocodenow/internal/config/migration.go:190.16,192.3 1 0
gocodenow/internal/config/migration.go:194.2,194.61 1 0
gocodenow/internal/config/migration.go:194.61,196.3 1 0
gocodenow/internal/config/migration.go:198.2,198.24 1 0
gocodenow/internal/config/migration.go:202.122,203.9 1 0
gocodenow/internal/config/migration.go:204.42,205.40 1 0
gocodenow/internal/config/migration.go:206.42,207.40 1 0
gocodenow/internal/config/migration.go:208.10,209.81 1 0
gocodenow/internal/config/migration.go:214.95,216.56 2 0
gocodenow/internal/config/migration.go:216.56,218.3 1 0
gocodenow/internal/config/migration.go:225.2,227.46 2 0
gocodenow/internal/config/migration.go:227.46,228.58 1 0
gocodenow/internal/config/migration.go:228.58,233.54 2 0
gocodenow/internal/config/migration.go:233.54,236.5 2 0
gocodenow/internal/config/migration.go:237.4,237.54 1 0
gocodenow/internal/config/migration.go:237.54,240.5 2 0
gocodenow/internal/config/migration.go:241.4,241.61 1 0
gocodenow/internal/config/migration.go:241.61,244.5 2 0
gocodenow/internal/config/migration.go:244.10,246.5 1 0
gocodenow/internal/config/migration.go:247.4,247.55 1 0
gocodenow/internal/config/migration.go:247.55,250.5 2 0
gocodenow/internal/config/migration.go:250.10,252.5 1 0
gocodenow/internal/config/migration.go:255.4,255.59 1 0
gocodenow/internal/config/migration.go:255.59,257.5 1 0
gocodenow/internal/config/migration.go:258.4,258.59 1 0
gocodenow/internal/config/migration.go:258.59,263.5 1 0
gocodenow/internal/config/migration.go:265.4,268.54 2 0
gocodenow/internal/config/migration.go:268.54,270.5 1 0
gocodenow/internal/config/migration.go:272.4,273.81 2 0
gocodenow/internal/config/migration.go:278.2,294.38 6 0
gocodenow/internal/config/migration.go:298.95,300.56 2 0
gocodenow/internal/config/migration.go:300.56,303.60 2 0
gocodenow/internal/config/migration.go:303.60,305.4 1 0
gocodenow/internal/config/migration.go:308.3,310.35 3 0
gocodenow/internal/config/migration.go:318.2,323.38 4 0
gocodenow/internal/config/migration.go:323.38,325.3 1 0
gocodenow/internal/config/migration.go:326.2,327.37 2 0
gocodenow/internal/config/migration.go:327.37,329.3 1 0
gocodenow/internal/config/migration.go:330.2,332.31 2 0
gocodenow/internal/config/migration.go:336.71,338.29 1 0
gocodenow/internal/config/migration.go:338.29,340.3 1 0
gocodenow/internal/config/migration.go:343.2,344.16 2 0
gocodenow/internal/config/migration.go:344.16,346.3 1 0
gocodenow/internal/config/migration.go:349.2,350.16 2 0
gocodenow/internal/config/migration.go:350.16,352.3 1 0
gocodenow/internal/config/migration.go:355.2,355.37 1 0
gocodenow/internal/config/migration.go:355.37,358.3 1 0
gocodenow/internal/config/migration.go:361.2,362.16 2 0
gocodenow/internal/config/migration.go:362.16,364.3 1 0
gocodenow/internal/config/migration.go:367.2,367.47 1 0
gocodenow/internal/config/migration.go:367.47,369.3 1 0
gocodenow/internal/config/migration.go:371.2,371.12 1 0
gocodenow/internal/config/migration.go:375.86,376.29 1 0
gocodenow/internal/config/migration.go:376.29,378.3 1 0
gocodenow/internal/config/migration.go:380.2,381.16 2 0
gocodenow/internal/config/migration.go:381.16,383.3 1 0
gocodenow/internal/config/migration.go:385.2,385.37 1 0
gocodenow/internal/config/migration.go:389.93,401.16 3 0
gocodenow/internal/config/migration.go:401.16,403.3 1 0
gocodenow/internal/config/migration.go:405.2,405.76 1 0
gocodenow/internal/config/migration.go:405.76,407.3 1 0
gocodenow/internal/config/migration.go:410.2,410.68 1 0
gocodenow/internal/config/migration.go:410.68,412.3 1 0
gocodenow/internal/config/migration.go:415.2,416.16 2 0
gocodenow/internal/config/migration.go:416.16,418.3 1 0
gocodenow/internal/config/migration.go:420.2,420.61 1 0
gocodenow/internal/config/migration.go:420.61,422.3 1 0
gocodenow/internal/config/migration.go:424.2,424.12 1 0
gocodenow/internal/config/migration.go:440.44,449.2 3 0
gocodenow/internal/config/migration.go:452.46,475.2 1 0
gocodenow/internal/config/migration.go:478.86,481.32 2 0
gocodenow/internal/config/migration.go:481.32,482.48 1 0
gocodenow/internal/config/migration.go:482.48,487.4 1 0
gocodenow/internal/config/migration.go:490.2,490.15 1 0
gocodenow/internal/config/migration.go:499.49,501.2 1 0
gocodenow/internal/config/migration.go:504.70,505.31 1 0
gocodenow/internal/config/migration.go:505.31,507.3 1 0
gocodenow/internal/config/migration.go:510.2,511.57 1 0
gocodenow/internal/config/migration.go:511.57,513.3 1 0
gocodenow/internal/config/migration.go:515.2,515.12 1 0
gocodenow/internal/config/migration.go:518.70,520.47 2 0
gocodenow/internal/config/migration.go:520.47,522.3 1 0
gocodenow/internal/config/migration.go:525.2,526.69 2 0
gocodenow/internal/config/migration.go:526.69,528.3 1 0
gocodenow/internal/config/migration.go:529.2,531.12 2 0
gocodenow/internal/config/migration.go:534.72,536.67 1 0
gocodenow/internal/config/migration.go:536.67,537.55 1 0
gocodenow/internal/config/migration.go:537.55,539.4 1 0
gocodenow/internal/config/migration.go:542.2,542.12 1 0
gocodenow/internal/config/migration.go:545.73,547.37 1 0
gocodenow/internal/config/migration.go:547.37,549.3 1 0
gocodenow/internal/config/migration.go:551.2,551.40 1 0
gocodenow/internal/config/migration.go:551.40,553.3 1 0
gocodenow/internal/config/migration.go:556.2,556.28 1 0
gocodenow/internal/config/migration.go:556.28,558.3 1 0
gocodenow/internal/config/migration.go:560.2,560.30 1 0
gocodenow/internal/config/migration.go:560.30,562.3 1 0
gocodenow/internal/config/migration.go:564.2,564.12 1 0
gocodenow/internal/config/profiles.go:29.42,36.2 2 0
gocodenow/internal/config/profiles.go:39.48,41.58 1 0
gocodenow/internal/config/profiles.go:41.58,43.3 1 0
gocodenow/internal/config/profiles.go:46.2,46.49 1 0
gocodenow/internal/config/profiles.go:46.49,48.3 1 0
gocodenow/internal/config/profiles.go:51.2,52.16 2 0
gocodenow/internal/config/profiles.go:52.16,54.3 1 0
gocodenow/internal/config/profiles.go:56.2,56.32 1 0
gocodenow/internal/config/profiles.go:56.32,57.62 1 0
gocodenow/internal/config/profiles.go:57.62,59.62 2 0
gocodenow/internal/config/profiles.go:59.62,62.5 1 0
gocodenow/internal/config/profiles.go:66.2,66.12 1 0
gocodenow/internal/config/profiles.go:70.55,80.35 2 0
gocodenow/internal/config/profiles.go:80.35,82.3 1 0
gocodenow/internal/config/profiles.go:84.2,84.12 1 0
gocodenow/internal/config/profiles.go:88.69,113.2 14 0
gocodenow/internal/config/profiles.go:116.68,141.2 14 0
gocodenow/internal/config/profiles.go:144.64,168.2 12 0
gocodenow/internal/config/profiles.go:171.69,194.2 12 0
gocodenow/internal/config/profiles.go:197.63,220.2 12 0
gocodenow/internal/config/profiles.go:223.65,246.2 12 0
gocodenow/internal/config/profiles.go:249.75,251.13 2 0
gocodenow/internal/config/profiles.go:251.13,253.3 1 0
gocodenow/internal/config/profiles.go:255.2,255.21 1 0
gocodenow/internal/config/profiles.go:259.59,261.38 2 0
gocodenow/internal/config/profiles.go:261.38,263.3 1 0
gocodenow/internal/config/profiles.go:264.2,264.17 1 0
gocodenow/internal/config/profiles.go:268.104,269.44 1 0
gocodenow/internal/config/profiles.go:269.44,271.3 1 0
gocodenow/internal/config/profiles.go:273.2,285.32 3 0
gocodenow/internal/config/profiles.go:289.111,291.13 2 0
gocodenow/internal/config/profiles.go:291.13,293.3 1 0
gocodenow/internal/config/profiles.go:295.2,296.23 2 0
gocodenow/internal/config/profiles.go:296.23,298.3 1 0
gocodenow/internal/config/profiles.go:299.2,299.17 1 0
gocodenow/internal/config/profiles.go:299.17,301.3 1 0
gocodenow/internal/config/profiles.go:302.2,305.32 2 0
gocodenow/internal/config/profiles.go:305.32,307.3 1 0
gocodenow/internal/config/profiles.go:309.2,309.12 1 0
gocodenow/internal/config/profiles.go:313.60,314.31 1 0
gocodenow/internal/config/profiles.go:314.31,316.3 1 0
gocodenow/internal/config/profiles.go:318.2,318.45 1 0
gocodenow/internal/config/profiles.go:318.45,320.3 1 0
gocodenow/internal/config/profiles.go:322.2,326.70 3 0
gocodenow/internal/config/profiles.go:326.70,328.3 1 0
gocodenow/internal/config/profiles.go:330.2,330.12 1 0
gocodenow/internal/config/profiles.go:334.69,335.39 1 0
gocodenow/internal/config/profiles.go:335.39,338.3 1 0
gocodenow/internal/config/profiles.go:340.2,343.16 3 0
gocodenow/internal/config/profiles.go:343.16,345.3 1 0
gocodenow/internal/config/profiles.go:347.2,347.62 1 0
gocodenow/internal/config/profiles.go:347.62,349.3 1 0
gocodenow/internal/config/profiles.go:351.2,351.12 1 0
gocodenow/internal/config/profiles.go:355.66,357.16 2 0
gocodenow/internal/config/profiles.go:357.16,359.3 1 0
gocodenow/internal/config/profiles.go:361.2,362.55 2 0
gocodenow/internal/config/profiles.go:362.55,364.3 1 0
gocodenow/internal/config/profiles.go:366.2,367.12 2 0
gocodenow/internal/config/profiles.go:371.62,373.42 2 0
gocodenow/internal/config/profiles.go:373.42,374.22 1 0
gocodenow/internal/config/profiles.go:374.22,376.4 1 0
gocodenow/internal/config/profiles.go:378.2,378.14 1 0
gocodenow/internal/config/profiles.go:382.86,384.16 2 0
gocodenow/internal/config/profiles.go:384.16,386.3 1 0
gocodenow/internal/config/profiles.go:388.2,388.42 1 0
gocodenow/internal/config/profiles.go:392.77,395.38 2 0
gocodenow/internal/config/profiles.go:395.38,396.43 1 0
gocodenow/internal/config/profiles.go:396.43,397.35 1 0
gocodenow/internal/config/profiles.go:397.35,398.32 1 0
gocodenow/internal/config/profiles.go:398.32,400.22 2 0
gocodenow/internal/config/profiles.go:407.2,407.17 1 0
gocodenow/internal/config/profiles.go:411.66,413.16 2 0
gocodenow/internal/config/profiles.go:413.16,415.3 1 0
gocodenow/internal/config/profiles.go:417.2,418.16 2 0
gocodenow/internal/config/profiles.go:418.16,420.3 1 0
gocodenow/internal/config/profiles.go:422.2,422.55 1 0
gocodenow/internal/config/profiles.go:422.55,424.3 1 0
gocodenow/internal/config/profiles.go:426.2,426.12 1 0
gocodenow/internal/config/profiles.go:430.60,432.2 1 0
gocodenow/internal/config/profiles.go:435.102,437.16 2 0
gocodenow/internal/config/profiles.go:437.16,439.3 1 0
gocodenow/internal/config/profiles.go:441.2,441.23 1 0
gocodenow/internal/config/profiles.go:441.23,443.3 1 0
gocodenow/internal/config/profiles.go:445.2,445.17 1 0
gocodenow/internal/config/profiles.go:445.17,447.3 1 0
gocodenow/internal/config/profiles.go:449.2,449.76 1 0
gocodenow/internal/config/runtime.go:32.75,42.2 2 0
gocodenow/internal/config/runtime.go:45.54,51.2 3 0
gocodenow/internal/config/runtime.go:54.72,56.50 1 0
gocodenow/internal/config/runtime.go:56.50,58.3 1 0
gocodenow/internal/config/runtime.go:60.2,66.41 5 0
gocodenow/internal/config/runtime.go:66.41,67.56 1 0
gocodenow/internal/config/runtime.go:67.56,70.4 1 0
gocodenow/internal/config/runtime.go:73.2,73.12 1 0
gocodenow/internal/config/runtime.go:77.82,79.2 1 0
gocodenow/internal/config/runtime.go:82.60,84.16 2 0
gocodenow/internal/config/runtime.go:84.16,86.3 1 0
gocodenow/internal/config/runtime.go:88.2,95.28 4 0
gocodenow/internal/config/runtime.go:95.28,96.49 1 0
gocodenow/internal/config/runtime.go:96.49,98.4 1 0
gocodenow/internal/config/runtime.go:102.2,102.27 1 0
gocodenow/internal/config/runtime.go:102.27,103.48 1 0
gocodenow/internal/config/runtime.go:103.48,105.4 1 0
gocodenow/internal/config/runtime.go:108.2,110.12 2 0
gocodenow/internal/config/runtime.go:114.47,116.27 2 0
gocodenow/internal/config/runtime.go:116.27,118.3 1 0
gocodenow/internal/config/runtime.go:120.2,120.6 1 0
gocodenow/internal/config/runtime.go:120.6,121.10 1 0
gocodenow/internal/config/runtime.go:122.25,123.10 1 0
gocodenow/internal/config/runtime.go:124.42,125.11 1 0
gocodenow/internal/config/runtime.go:125.11,127.5 1 0
gocodenow/internal/config/runtime.go:130.4,130.49 1 0
gocodenow/internal/config/runtime.go:130.49,133.5 1 0
gocodenow/internal/config/runtime.go:135.40,136.11 1 0
gocodenow/internal/config/runtime.go:136.11,138.5 1 0
gocodenow/internal/config/runtime.go:139.4,139.45 1 0
gocodenow/internal/config/runtime.go:141.26,143.48 1 0
gocodenow/internal/config/runtime.go:143.48,145.5 1 0
gocodenow/internal/config/runtime.go:151.58,153.16 2 0
gocodenow/internal/config/runtime.go:153.16,155.3 1 0
gocodenow/internal/config/runtime.go:157.2,157.36 1 0
gocodenow/internal/config/runtime.go:161.47,162.23 1 0
gocodenow/internal/config/runtime.go:162.23,164.3 1 0
gocodenow/internal/config/runtime.go:166.2,166.24 1 0
gocodenow/internal/config/runtime.go:166.24,168.3 1 0
gocodenow/internal/config/runtime.go:170.2,170.12 1 0
gocodenow/internal/config/runtime.go:174.53,180.2 4 0
gocodenow/internal/config/runtime.go:183.58,186.47 2 0
gocodenow/internal/config/runtime.go:186.47,188.3 1 0
gocodenow/internal/config/runtime.go:191.2,192.16 2 0
gocodenow/internal/config/runtime.go:192.16,194.3 1 0
gocodenow/internal/config/runtime.go:197.2,197.55 1 0
gocodenow/internal/config/runtime.go:197.55,199.3 1 0
gocodenow/internal/config/runtime.go:201.2,201.12 1 0
gocodenow/internal/config/runtime.go:205.69,206.19 1 0
gocodenow/internal/config/runtime.go:206.19,208.3 1 0
gocodenow/internal/config/runtime.go:211.2,219.18 2 0
gocodenow/internal/config/runtime.go:223.65,237.2 1 0
gocodenow/internal/config/runtime.go:240.53,247.2 1 0
gocodenow/internal/config/runtime.go:250.45,251.16 1 0
gocodenow/internal/config/runtime.go:251.16,253.3 1 0
gocodenow/internal/config/runtime.go:254.2,256.12 3 0
gocodenow/internal/config/runtime.go:266.77,272.72 4 0
gocodenow/internal/config/runtime.go:272.72,274.3 1 0
gocodenow/internal/config/runtime.go:277.2,277.47 1 0
gocodenow/internal/config/runtime.go:277.47,279.3 1 0
gocodenow/internal/config/runtime.go:281.2,285.41 3 0
gocodenow/internal/config/runtime.go:285.41,286.53 1 0
gocodenow/internal/config/runtime.go:286.53,288.4 1 0
gocodenow/internal/config/runtime.go:291.2,291.12 1 0
gocodenow/internal/config/runtime.go:295.75,297.21 2 0
gocodenow/internal/config/runtime.go:297.21,299.3 1 0
gocodenow/internal/config/runtime.go:301.2,301.18 1 0
gocodenow/internal/config/runtime.go:302.13,303.52 1 0
gocodenow/internal/config/runtime.go:304.17,305.60 1 0
gocodenow/internal/config/runtime.go:306.18,307.62 1 0
gocodenow/internal/config/runtime.go:308.12,309.50 1 0
gocodenow/internal/config/runtime.go:310.15,311.56 1 0
gocodenow/internal/config/runtime.go:312.10,313.60 1 0
gocodenow/internal/config/runtime.go:318.74,319.20 1 0
gocodenow/internal/config/runtime.go:319.20,321.3 1 0
gocodenow/internal/config/runtime.go:323.2,323.17 1 0
gocodenow/internal/config/runtime.go:324.18,325.36 1 0
gocodenow/internal/config/runtime.go:325.36,327.4 1 0
gocodenow/internal/config/runtime.go:327.9,329.4 1 0
gocodenow/internal/config/runtime.go:330.15,331.36 1 0
gocodenow/internal/config/runtime.go:331.36,333.4 1 0
gocodenow/internal/config/runtime.go:333.9,335.4 1 0
gocodenow/internal/config/runtime.go:336.15,337.36 1 0
gocodenow/internal/config/runtime.go:337.36,339.4 1 0
gocodenow/internal/config/runtime.go:339.9,341.4 1 0
gocodenow/internal/config/runtime.go:342.17,343.33 1 0
gocodenow/internal/config/runtime.go:343.33,345.4 1 0
gocodenow/internal/config/runtime.go:345.9,347.4 1 0
gocodenow/internal/config/runtime.go:348.21,349.33 1 0
gocodenow/internal/config/runtime.go:349.33,351.4 1 0
gocodenow/internal/config/runtime.go:351.9,353.4 1 0
gocodenow/internal/config/runtime.go:354.24,355.33 1 0
gocodenow/internal/config/runtime.go:355.33,357.4 1 0
gocodenow/internal/config/runtime.go:357.9,359.4 1 0
gocodenow/internal/config/runtime.go:360.10,361.54 1 0
gocodenow/internal/config/runtime.go:364.2,364.12 1 0
gocodenow/internal/config/runtime.go:367.86,368.20 1 0
gocodenow/internal/config/runtime.go:368.20,370.3 1 0
gocodenow/internal/config/runtime.go:372.2,372.17 1 0
gocodenow/internal/config/runtime.go:373.23,374.36 1 0
gocodenow/internal/config/runtime.go:374.36,376.4 1 0
gocodenow/internal/config/runtime.go:376.9,378.4 1 0
gocodenow/internal/config/runtime.go:379.20,380.33 1 0
gocodenow/internal/config/runtime.go:380.33,382.4 1 0
gocodenow/internal/config/runtime.go:382.9,384.4 1 0
gocodenow/internal/config/runtime.go:385.23,386.33 1 0
gocodenow/internal/config/runtime.go:386.33,388.4 1 0
gocodenow/internal/config/runtime.go:388.9,390.4 1 0
gocodenow/internal/config/runtime.go:391.28,392.34 1 0
gocodenow/internal/config/runtime.go:392.34,394.4 1 0
gocodenow/internal/config/runtime.go:394.9,396.4 1 0
gocodenow/internal/config/runtime.go:397.10,398.58 1 0
gocodenow/internal/config/runtime.go:401.2,401.12 1 0
gocodenow/internal/config/runtime.go:404.89,405.20 1 0
gocodenow/internal/config/runtime.go:405.20,407.3 1 0
gocodenow/internal/config/runtime.go:409.2,409.17 1 0
gocodenow/internal/config/runtime.go:410.23,411.35 1 0
gocodenow/internal/config/runtime.go:411.35,413.4 1 0
gocodenow/internal/config/runtime.go:413.9,415.4 1 0
gocodenow/internal/config/runtime.go:416.24,417.34 1 0
gocodenow/internal/config/runtime.go:417.34,419.4 1 0
gocodenow/internal/config/runtime.go:419.9,421.4 1 0
gocodenow/internal/config/runtime.go:422.10,423.59 1 0
gocodenow/internal/config/runtime.go:426.2,426.12 1 0
gocodenow/internal/config/runtime.go:429.71,430.20 1 0
gocodenow/internal/config/runtime.go:430.20,432.3 1 0
gocodenow/internal/config/runtime.go:434.2,434.17 1 0
gocodenow/internal/config/runtime.go:435.15,436.36 1 0
gocodenow/internal/config/runtime.go:436.36,438.4 1 0
gocodenow/internal/config/runtime.go:438.9,440.4 1 0
gocodenow/internal/config/runtime.go:441.26,442.34 1 0
gocodenow/internal/config/runtime.go:442.34,444.4 1 0
gocodenow/internal/config/runtime.go:444.9,446.4 1 0
gocodenow/internal/config/runtime.go:447.25,448.34 1 0
gocodenow/internal/config/runtime.go:448.34,450.4 1 0
gocodenow/internal/config/runtime.go:450.9,452.4 1 0
gocodenow/internal/config/runtime.go:453.21,454.34 1 0
gocodenow/internal/config/runtime.go:454.34,456.4 1 0
gocodenow/internal/config/runtime.go:456.9,458.4 1 0
gocodenow/internal/config/runtime.go:459.26,460.33 1 0
gocodenow/internal/config/runtime.go:460.33,462.4 1 0
gocodenow/internal/config/runtime.go:462.9,464.4 1 0
gocodenow/internal/config/runtime.go:465.10,466.53 1 0
gocodenow/internal/config/runtime.go:469.2,469.12 1 0
gocodenow/internal/config/runtime.go:472.80,473.20 1 0
gocodenow/internal/config/runtime.go:473.20,475.3 1 0
gocodenow/internal/config/runtime.go:477.2,477.17 1 0
gocodenow/internal/config/runtime.go:478.24,479.33 1 0
gocodenow/internal/config/runtime.go:479.33,481.4 1 0
gocodenow/internal/config/runtime.go:481.9,483.4 1 0
gocodenow/internal/config/runtime.go:484.25,485.34 1 0
gocodenow/internal/config/runtime.go:485.34,487.4 1 0
gocodenow/internal/config/runtime.go:487.9,489.4 1 0
gocodenow/internal/config/runtime.go:490.10,491.56 1 0
gocodenow/internal/config/runtime.go:494.2,494.12 1 0
gocodenow/internal/config/templates.go:78.44,92.2 3 0
gocodenow/internal/config/templates.go:95.50,97.59 1 0
gocodenow/internal/config/templates.go:97.59,99.3 1 0
gocodenow/internal/config/templates.go:102.2,106.16 3 0
gocodenow/internal/config/templates.go:106.16,108.3 1 0
gocodenow/internal/config/templates.go:110.2,110.32 1 0
gocodenow/internal/config/templates.go:110.32,111.62 1 0
gocodenow/internal/config/templates.go:111.62,113.64 2 0
gocodenow/internal/config/templates.go:113.64,115.5 1 0
gocodenow/internal/config/templates.go:119.2,119.12 1 0
gocodenow/internal/config/templates.go:123.51,133.33 2 0
gocodenow/internal/config/templates.go:133.33,135.3 1 0
gocodenow/internal/config/templates.go:139.68,216.2 2 0
gocodenow/internal/config/templates.go:219.70,339.2 2 0
gocodenow/internal/config/templates.go:342.65,478.2 2 0
gocodenow/internal/config/templates.go:481.71,494.2 1 0
gocodenow/internal/config/templates.go:497.68,509.2 1 0
gocodenow/internal/config/templates.go:512.66,524.2 1 0
gocodenow/internal/config/templates.go:527.115,529.13 2 0
gocodenow/internal/config/templates.go:529.13,531.3 1 0
gocodenow/internal/config/templates.go:534.2,534.70 1 0
gocodenow/internal/config/templates.go:534.70,536.3 1 0
gocodenow/internal/config/templates.go:539.2,543.16 3 0
gocodenow/internal/config/templates.go:543.16,545.3 1 0
gocodenow/internal/config/templates.go:547.2,548.54 2 0
gocodenow/internal/config/templates.go:548.54,550.3 1 0
gocodenow/internal/config/templates.go:553.2,554.82 2 0
gocodenow/internal/config/templates.go:554.82,556.3 1 0
gocodenow/internal/config/templates.go:559.2,561.16 3 0
gocodenow/internal/config/templates.go:561.16,563.3 1 0
gocodenow/internal/config/templates.go:565.2,565.60 1 0
gocodenow/internal/config/templates.go:565.60,567.3 1 0
gocodenow/internal/config/templates.go:569.2,569.21 1 0
gocodenow/internal/config/templates.go:573.116,574.41 1 0
gocodenow/internal/config/templates.go:574.41,575.23 1 0
gocodenow/internal/config/templates.go:575.23,576.53 1 0
gocodenow/internal/config/templates.go:576.53,578.5 1 0
gocodenow/internal/config/templates.go:581.2,581.12 1 0
gocodenow/internal/config/templates.go:585.129,589.30 2 0
gocodenow/internal/config/templates.go:589.30,591.3 1 0
gocodenow/internal/config/templates.go:594.2,594.41 1 0
gocodenow/internal/config/templates.go:594.41,595.75 1 0
gocodenow/internal/config/templates.go:595.75,597.4 1 0
gocodenow/internal/config/templates.go:600.2,600.15 1 0
gocodenow/internal/config/templates.go:604.69,613.16 6 0
gocodenow/internal/config/templates.go:613.16,615.3 1 0
gocodenow/internal/config/templates.go:617.2,617.55 1 0
gocodenow/internal/config/templates.go:617.55,619.3 1 0
gocodenow/internal/config/templates.go:622.2,624.12 2 0
gocodenow/internal/config/templates.go:628.54,630.56 1 0
gocodenow/internal/config/templates.go:630.56,632.3 1 0
gocodenow/internal/config/templates.go:635.2,636.16 2 0
gocodenow/internal/config/templates.go:636.16,638.3 1 0
gocodenow/internal/config/templates.go:640.2,640.32 1 0
gocodenow/internal/config/templates.go:640.32,641.62 1 0
gocodenow/internal/config/templates.go:641.62,643.66 2 0
gocodenow/internal/config/templates.go:643.66,645.5 1 0
gocodenow/internal/config/templates.go:649.2,649.12 1 0
gocodenow/internal/config/templates.go:653.135,675.2 4 0
gocodenow/internal/config/templates.go:678.72,680.13 2 0
gocodenow/internal/config/templates.go:680.13,682.3 1 0
gocodenow/internal/config/templates.go:684.2,685.16 2 0
gocodenow/internal/config/templates.go:685.16,687.3 1 0
gocodenow/internal/config/templates.go:689.2,689.55 1 0
gocodenow/internal/config/templates.go:689.55,691.3 1 0
gocodenow/internal/config/templates.go:693.2,693.12 1 0
gocodenow/internal/config/templates.go:697.66,699.2 1 0
gocodenow/internal/config/templates.go:702.71,705.16 2 0
gocodenow/internal/config/templates.go:705.16,707.3 1 0
gocodenow/internal/config/templates.go:708.2,710.38 2 0
gocodenow/internal/config/templates.go:710.38,712.3 1 0
gocodenow/internal/config/templates.go:714.2,715.16 2 0
gocodenow/internal/config/templates.go:715.16,717.3 1 0
gocodenow/internal/config/templates.go:720.2,721.52 2 0
gocodenow/internal/config/templates.go:721.52,723.3 1 0
gocodenow/internal/config/templates.go:726.2,726.31 1 0
gocodenow/internal/config/templates.go:731.68,733.16 2 0
gocodenow/internal/config/templates.go:733.16,735.3 1 0
gocodenow/internal/config/templates.go:737.2,738.52 2 0
gocodenow/internal/config/templates.go:738.52,740.3 1 0
gocodenow/internal/config/templates.go:742.2,743.12 2 0
gocodenow/internal/config/templates.go:746.72,748.16 2 0
gocodenow/internal/config/templates.go:748.16,750.3 1 0
gocodenow/internal/config/templates.go:752.2,753.54 2 0
gocodenow/internal/config/templates.go:753.54,755.3 1 0
gocodenow/internal/config/templates.go:757.2,758.12 2 0
gocodenow/internal/config/templates.go:761.83,784.2 4 0
gocodenow/internal/config/templates.go:786.87,807.2 4 0
gocodenow/internal/config/templates.go:810.78,811.48 1 0
gocodenow/internal/config/templates.go:811.48,813.3 1 0
gocodenow/internal/config/templates.go:814.2,814.57 1 0
gocodenow/internal/config/templates.go:818.62,820.36 2 0
gocodenow/internal/config/templates.go:820.36,822.3 1 0
gocodenow/internal/config/templates.go:823.2,823.18 1 0
gocodenow/internal/config/templates.go:827.80,828.54 1 0
gocodenow/internal/config/templates.go:828.54,830.3 1 0
gocodenow/internal/config/templates.go:831.2,831.69 1 0
gocodenow/internal/config/templates.go:835.64,837.42 2 0
gocodenow/internal/config/templates.go:837.42,839.3 1 0
gocodenow/internal/config/templates.go:840.2,840.16 1 0
gocodenow/internal/config/validator.go:25.42,26.24 1 1
gocodenow/internal/config/validator.go:26.24,28.3 1 1
gocodenow/internal/config/validator.go:30.2,31.31 2 1
gocodenow/internal/config/validator.go:31.31,33.3 1 1
gocodenow/internal/config/validator.go:34.2,34.72 1 1
gocodenow/internal/config/validator.go:38.43,42.59 2 1
gocodenow/internal/config/validator.go:42.59,44.3 1 1
gocodenow/internal/config/validator.go:47.2,47.67 1 1
gocodenow/internal/config/validator.go:47.67,49.3 1 1
gocodenow/internal/config/validator.go:52.2,52.69 1 1
gocodenow/internal/config/validator.go:52.69,54.3 1 1
gocodenow/internal/config/validator.go:57.2,57.57 1 1
gocodenow/internal/config/validator.go:57.57,59.3 1 1
gocodenow/internal/config/validator.go:62.2,62.63 1 1
gocodenow/internal/config/validator.go:62.63,64.3 1 1
gocodenow/internal/config/validator.go:66.2,66.21 1 1
gocodenow/internal/config/validator.go:66.21,68.3 1 1
gocodenow/internal/config/validator.go:70.2,70.12 1 1
gocodenow/internal/config/validator.go:74.57,78.27 2 1
gocodenow/internal/config/validator.go:78.27,84.3 1 1
gocodenow/internal/config/validator.go:84.8,85.63 1 1
gocodenow/internal/config/validator.go:85.63,91.4 1 0
gocodenow/internal/config/validator.go:91.9,91.60 1 1
gocodenow/internal/config/validator.go:91.60,97.4 1 1
gocodenow/internal/config/validator.go:101.2,101.24 1 1
gocodenow/internal/config/validator.go:101.24,107.3 1 1
gocodenow/internal/config/validator.go:110.2,110.25 1 1
gocodenow/internal/config/validator.go:110.25,116.3 1 1
gocodenow/internal/config/validator.go:116.8,116.33 1 1
gocodenow/internal/config/validator.go:116.33,122.3 1 1
gocodenow/internal/config/validator.go:125.2,125.27 1 1
gocodenow/internal/config/validator.go:125.27,131.3 1 1
gocodenow/internal/config/validator.go:131.8,131.35 1 1
gocodenow/internal/config/validator.go:131.35,137.3 1 1
gocodenow/internal/config/validator.go:140.2,140.29 1 1
gocodenow/internal/config/validator.go:140.29,146.3 1 0
gocodenow/internal/config/validator.go:148.2,148.15 1 1
gocodenow/internal/config/validator.go:152.65,156.31 2 1
gocodenow/internal/config/validator.go:156.31,162.3 1 1
gocodenow/internal/config/validator.go:162.8,165.50 2 1
gocodenow/internal/config/validator.go:165.50,171.4 1 0
gocodenow/internal/config/validator.go:175.2,175.27 1 1
gocodenow/internal/config/validator.go:175.27,181.3 1 1
gocodenow/internal/config/validator.go:181.8,181.37 1 1
gocodenow/internal/config/validator.go:181.37,187.3 1 1
gocodenow/internal/config/validator.go:190.2,190.30 1 1
gocodenow/internal/config/validator.go:190.30,196.3 1 0
gocodenow/internal/config/validator.go:196.8,196.49 1 1
gocodenow/internal/config/validator.go:196.49,202.3 1 1
gocodenow/internal/config/validator.go:205.2,205.29 1 1
gocodenow/internal/config/validator.go:205.29,211.3 1 1
gocodenow/internal/config/validator.go:211.8,211.39 1 1
gocodenow/internal/config/validator.go:211.39,217.3 1 1
gocodenow/internal/config/validator.go:220.2,220.32 1 1
gocodenow/internal/config/validator.go:220.32,226.3 1 1
gocodenow/internal/config/validator.go:229.2,229.33 1 1
gocodenow/internal/config/validator.go:229.33,235.3 1 1
gocodenow/internal/config/validator.go:237.2,237.15 1 1
gocodenow/internal/config/validator.go:241.67,245.79 2 1
gocodenow/internal/config/validator.go:245.79,247.3 1 1
gocodenow/internal/config/validator.go:250.2,250.29 1 1
gocodenow/internal/config/validator.go:250.29,256.3 1 1
gocodenow/internal/config/validator.go:256.8,256.48 1 1
gocodenow/internal/config/validator.go:256.48,262.3 1 1
gocodenow/internal/config/validator.go:265.2,265.43 1 1
gocodenow/internal/config/validator.go:265.43,266.17 1 1
gocodenow/internal/config/validator.go:266.17,272.4 1 1
gocodenow/internal/config/validator.go:275.2,275.15 1 1
gocodenow/internal/config/validator.go:279.75,283.43 2 1
gocodenow/internal/config/validator.go:283.43,284.17 1 1
gocodenow/internal/config/validator.go:284.17,290.12 2 1
gocodenow/internal/config/validator.go:294.3,294.50 1 1
gocodenow/internal/config/validator.go:294.50,300.4 1 1
gocodenow/internal/config/validator.go:304.2,304.43 1 1
gocodenow/internal/config/validator.go:304.43,305.17 1 1
gocodenow/internal/config/validator.go:305.17,311.4 1 1
gocodenow/internal/config/validator.go:315.2,315.47 1 1
gocodenow/internal/config/validator.go:315.47,316.35 1 1
gocodenow/internal/config/validator.go:316.35,322.4 1 1
gocodenow/internal/config/validator.go:325.2,325.47 1 1
gocodenow/internal/config/validator.go:325.47,326.35 1 1
gocodenow/internal/config/validator.go:326.35,332.4 1 1
gocodenow/internal/config/validator.go:335.2,335.15 1 1
gocodenow/internal/config/validator.go:339.55,344.24 3 1
gocodenow/internal/config/validator.go:344.24,350.3 1 1
gocodenow/internal/config/validator.go:350.8,352.37 2 1
gocodenow/internal/config/validator.go:352.37,353.29 1 1
gocodenow/internal/config/validator.go:353.29,355.10 2 1
gocodenow/internal/config/validator.go:358.3,358.13 1 1
gocodenow/internal/config/validator.go:358.13,364.4 1 1
gocodenow/internal/config/validator.go:368.2,368.32 1 1
gocodenow/internal/config/validator.go:368.32,374.3 1 1
gocodenow/internal/config/validator.go:374.8,374.43 1 1
gocodenow/internal/config/validator.go:374.43,380.3 1 1
gocodenow/internal/config/validator.go:382.2,382.15 1 1
gocodenow/internal/config/validator.go:386.61,390.32 2 1
gocodenow/internal/config/validator.go:390.32,396.3 1 1
gocodenow/internal/config/validator.go:396.8,396.51 1 1
gocodenow/internal/config/validator.go:396.51,402.3 1 1
gocodenow/internal/config/validator.go:405.2,405.31 1 1
gocodenow/internal/config/validator.go:405.31,411.3 1 1
gocodenow/internal/config/validator.go:411.8,411.39 1 1
gocodenow/internal/config/validator.go:411.39,417.3 1 1
gocodenow/internal/config/validator.go:420.2,420.47 1 1
gocodenow/internal/config/validator.go:420.47,421.17 1 1
gocodenow/internal/config/validator.go:421.17,427.12 2 1
gocodenow/internal/config/validator.go:431.3,431.50 1 1
gocodenow/internal/config/validator.go:431.50,437.4 1 1
gocodenow/internal/config/validator.go:440.2,440.15 1 1
gocodenow/internal/llm/client.go:96.40,108.2 5 1
gocodenow/internal/llm/client.go:111.67,112.21 1 1
gocodenow/internal/llm/client.go:112.21,114.3 1 1
gocodenow/internal/llm/client.go:116.2,117.14 2 1
gocodenow/internal/llm/client.go:117.14,119.3 1 0
gocodenow/internal/llm/client.go:121.2,121.42 1 1
gocodenow/internal/llm/client.go:121.42,123.3 1 1
gocodenow/internal/llm/client.go:125.2,126.12 2 1
gocodenow/internal/llm/client.go:130.80,131.19 1 1
gocodenow/internal/llm/client.go:131.19,133.3 1 1
gocodenow/internal/llm/client.go:136.2,137.22 2 1
gocodenow/internal/llm/client.go:137.22,140.3 1 1
gocodenow/internal/llm/client.go:142.2,142.54 1 1
gocodenow/internal/llm/client.go:146.110,148.13 2 1
gocodenow/internal/llm/client.go:148.13,150.3 1 1
gocodenow/internal/llm/client.go:153.2,153.56 1 1
gocodenow/internal/llm/client.go:153.56,155.3 1 0
gocodenow/internal/llm/client.go:157.2,157.38 1 1
gocodenow/internal/llm/client.go:161.50,163.30 2 1
gocodenow/internal/llm/client.go:163.30,165.3 1 1
gocodenow/internal/llm/client.go:166.2,166.18 1 1
gocodenow/internal/llm/client.go:170.65,173.2 2 1
gocodenow/internal/llm/client.go:181.46,195.2 1 1
gocodenow/internal/llm/client.go:198.67,199.47 1 1
gocodenow/internal/llm/client.go:199.47,200.36 1 1
gocodenow/internal/llm/client.go:200.36,201.42 1 1
gocodenow/internal/llm/client.go:201.42,203.5 1 1
gocodenow/internal/llm/client.go:206.2,206.11 1 1
gocodenow/internal/llm/client.go:210.53,215.2 1 1
gocodenow/internal/llm/client.go:218.38,220.2 1 1
gocodenow/internal/llm/client.go:223.43,224.43 1 1
gocodenow/internal/llm/client.go:224.43,225.35 1 1
gocodenow/internal/llm/client.go:225.35,227.4 1 1
gocodenow/internal/llm/client.go:229.2,229.11 1 1
gocodenow/internal/llm/errors.go:77.37,78.12 1 0
gocodenow/internal/llm/errors.go:79.24,80.19 1 0
gocodenow/internal/llm/errors.go:81.24,82.19 1 0
gocodenow/internal/llm/errors.go:83.31,84.26 1 0
gocodenow/internal/llm/errors.go:85.26,86.22 1 0
gocodenow/internal/llm/errors.go:87.31,88.27 1 0
gocodenow/internal/llm/errors.go:89.30,90.27 1 0
gocodenow/internal/llm/errors.go:91.27,92.23 1 0
gocodenow/internal/llm/errors.go:93.28,94.24 1 0
gocodenow/internal/llm/errors.go:95.24,96.19 1 0
gocodenow/internal/llm/errors.go:97.24,98.19 1 0
gocodenow/internal/llm/errors.go:99.25,100.21 1 0
gocodenow/internal/llm/errors.go:101.27,102.22 1 0
gocodenow/internal/llm/errors.go:103.10,104.19 1 0
gocodenow/internal/llm/errors.go:109.35,110.20 1 0
gocodenow/internal/llm/errors.go:110.20,112.3 1 0
gocodenow/internal/llm/errors.go:113.2,113.58 1 0
gocodenow/internal/llm/errors.go:117.35,119.2 1 0
gocodenow/internal/llm/errors.go:122.39,124.2 1 0
gocodenow/internal/llm/errors.go:127.73,128.22 1 0
gocodenow/internal/llm/errors.go:128.22,130.3 1 0
gocodenow/internal/llm/errors.go:131.2,132.10 2 0
gocodenow/internal/llm/errors.go:136.63,143.2 1 0
gocodenow/internal/llm/errors.go:146.85,154.2 1 0
gocodenow/internal/llm/errors.go:157.61,159.2 1 0
gocodenow/internal/llm/errors.go:162.55,164.2 1 0
gocodenow/internal/llm/errors.go:167.72,169.22 2 0
gocodenow/internal/llm/errors.go:169.22,171.3 1 0
gocodenow/internal/llm/errors.go:172.2,172.12 1 0
gocodenow/internal/llm/errors.go:176.55,183.2 1 0
gocodenow/internal/llm/errors.go:186.52,189.2 1 0
gocodenow/internal/llm/errors.go:192.79,196.2 1 0
gocodenow/internal/llm/errors.go:199.63,202.2 1 0
gocodenow/internal/llm/errors.go:205.71,208.2 1 0
gocodenow/internal/llm/errors.go:211.61,219.2 1 0
gocodenow/internal/llm/errors.go:222.79,225.2 1 0
gocodenow/internal/llm/errors.go:228.51,235.2 1 0
gocodenow/internal/llm/errors.go:238.51,239.17 1 0
gocodenow/internal/llm/errors.go:240.84,241.14 1 0
gocodenow/internal/llm/errors.go:243.63,244.15 1 0
gocodenow/internal/llm/errors.go:245.10,246.15 1 0
gocodenow/internal/llm/errors.go:265.80,276.2 1 0
gocodenow/internal/llm/errors.go:279.70,282.2 2 0
gocodenow/internal/llm/errors.go:285.92,288.2 2 0
gocodenow/internal/llm/errors.go:302.96,314.2 1 0
gocodenow/internal/llm/models.go:297.35,299.2 1 0
gocodenow/internal/llm/models.go:302.77,303.23 1 0
gocodenow/internal/llm/models.go:303.23,305.3 1 0
gocodenow/internal/llm/models.go:307.2,309.16 3 0
gocodenow/internal/llm/models.go:309.16,311.3 1 0
gocodenow/internal/llm/models.go:313.2,313.18 1 0
gocodenow/internal/llm/models.go:317.80,318.17 1 0
gocodenow/internal/llm/models.go:318.17,321.3 2 0
gocodenow/internal/llm/models.go:323.2,324.16 2 0
gocodenow/internal/llm/models.go:324.16,326.3 1 0
gocodenow/internal/llm/models.go:328.2,329.12 2 0
gocodenow/internal/llm/models.go:333.46,335.2 1 0
gocodenow/internal/llm/models.go:338.44,340.2 1 0
gocodenow/internal/llm/models.go:343.49,345.2 1 0
gocodenow/internal/llm/models.go:348.44,350.2 1 0
gocodenow/internal/llm/models.go:353.43,355.2 1 0
gocodenow/internal/llm/models.go:358.49,360.33 2 0
gocodenow/internal/llm/models.go:360.33,362.3 1 0
gocodenow/internal/llm/models.go:363.2,363.12 1 0
gocodenow/internal/llm/parser.go:19.53,24.2 1 0
gocodenow/internal/llm/parser.go:27.84,28.21 1 0
gocodenow/internal/llm/parser.go:28.21,30.3 1 0
gocodenow/internal/llm/parser.go:32.2,35.50 2 0
gocodenow/internal/llm/parser.go:35.50,36.41 1 0
gocodenow/internal/llm/parser.go:36.41,37.12 1 0
gocodenow/internal/llm/parser.go:41.3,41.56 1 0
gocodenow/internal/llm/parser.go:41.56,44.18 2 0
gocodenow/internal/llm/parser.go:44.18,46.5 1 0
gocodenow/internal/llm/parser.go:49.4,49.67 1 0
gocodenow/internal/llm/parser.go:49.67,51.5 1 0
gocodenow/internal/llm/parser.go:53.4,53.45 1 0
gocodenow/internal/llm/parser.go:57.2,57.23 1 0
gocodenow/internal/llm/parser.go:61.91,64.16 2 0
gocodenow/internal/llm/parser.go:64.16,66.3 1 0
gocodenow/internal/llm/parser.go:69.2,76.24 2 0
gocodenow/internal/llm/parser.go:80.82,81.20 1 0
gocodenow/internal/llm/parser.go:81.20,83.3 1 0
gocodenow/internal/llm/parser.go:86.2,89.64 3 0
gocodenow/internal/llm/parser.go:89.64,92.3 1 0
gocodenow/internal/llm/parser.go:94.2,94.18 1 0
gocodenow/internal/llm/parser.go:98.91,102.31 2 0
gocodenow/internal/llm/parser.go:102.31,103.67 1 0
gocodenow/internal/llm/parser.go:103.67,104.12 1 0
gocodenow/internal/llm/parser.go:108.3,123.17 3 0
gocodenow/internal/llm/parser.go:123.17,124.12 1 0
gocodenow/internal/llm/parser.go:127.3,127.65 1 0
gocodenow/internal/llm/parser.go:127.65,128.12 1 0
gocodenow/internal/llm/parser.go:132.3,132.61 1 0
gocodenow/internal/llm/parser.go:132.61,135.4 1 0
gocodenow/internal/llm/parser.go:135.9,143.4 1 0
gocodenow/internal/llm/parser.go:147.2,148.39 2 0
gocodenow/internal/llm/parser.go:148.39,161.17 3 0
gocodenow/internal/llm/parser.go:161.17,163.4 1 0
gocodenow/internal/llm/parser.go:166.3,166.66 1 0
gocodenow/internal/llm/parser.go:166.66,168.4 1 0
gocodenow/internal/llm/parser.go:170.3,170.44 1 0
gocodenow/internal/llm/parser.go:173.2,173.23 1 0
gocodenow/internal/llm/parser.go:190.59,194.2 1 0
gocodenow/internal/llm/parser.go:197.70,198.21 1 0
gocodenow/internal/llm/parser.go:198.21,200.3 1 0
gocodenow/internal/llm/parser.go:203.2,203.29 1 0
gocodenow/internal/llm/parser.go:203.29,205.3 1 0
gocodenow/internal/llm/parser.go:208.2,210.26 3 0
gocodenow/internal/llm/parser.go:210.26,211.29 1 0
gocodenow/internal/llm/parser.go:211.29,213.9 2 0
gocodenow/internal/llm/parser.go:216.2,216.17 1 0
gocodenow/internal/llm/parser.go:216.17,218.3 1 0
gocodenow/internal/llm/parser.go:221.2,222.13 2 0
gocodenow/internal/llm/parser.go:222.13,224.3 1 0
gocodenow/internal/llm/parser.go:227.2,227.69 1 0
gocodenow/internal/llm/parser.go:227.69,229.3 1 0
gocodenow/internal/llm/parser.go:232.2,232.69 1 0
gocodenow/internal/llm/parser.go:232.69,234.3 1 0
gocodenow/internal/llm/parser.go:237.2,237.53 1 0
gocodenow/internal/llm/parser.go:237.53,239.3 1 0
gocodenow/internal/llm/parser.go:241.2,241.12 1 0
gocodenow/internal/llm/parser.go:245.105,247.73 1 0
gocodenow/internal/llm/parser.go:247.73,249.3 1 0
gocodenow/internal/llm/parser.go:251.2,251.32 1 0
gocodenow/internal/llm/parser.go:251.32,253.3 1 0
gocodenow/internal/llm/parser.go:255.2,255.12 1 0
gocodenow/internal/llm/parser.go:259.105,263.46 1 0
gocodenow/internal/llm/parser.go:263.46,265.19 1 0
gocodenow/internal/llm/parser.go:265.19,266.12 1 0
gocodenow/internal/llm/parser.go:270.3,270.36 1 0
gocodenow/internal/llm/parser.go:270.36,271.40 1 0
gocodenow/internal/llm/parser.go:271.40,273.5 1 0
gocodenow/internal/llm/parser.go:277.2,277.12 1 0
gocodenow/internal/llm/parser.go:281.70,283.46 1 0
gocodenow/internal/llm/parser.go:283.46,284.36 1 0
gocodenow/internal/llm/parser.go:284.36,285.31 1 0
gocodenow/internal/llm/parser.go:285.31,287.5 1 0
gocodenow/internal/llm/parser.go:291.2,291.12 1 0
gocodenow/internal/llm/parser.go:295.68,309.37 3 0
gocodenow/internal/llm/parser.go:309.37,310.39 1 0
gocodenow/internal/llm/parser.go:310.39,312.4 1 0
gocodenow/internal/llm/parser.go:315.2,315.14 1 0
gocodenow/internal/llm/parser.go:319.56,321.2 1 0
gocodenow/internal/llm/parser.go:324.79,327.33 2 0
gocodenow/internal/llm/parser.go:327.33,330.22 2 0
gocodenow/internal/llm/parser.go:330.22,333.4 1 0
gocodenow/internal/llm/parser.go:333.9,335.28 1 0
gocodenow/internal/llm/parser.go:335.28,336.46 1 0
gocodenow/internal/llm/parser.go:336.46,338.6 1 0
gocodenow/internal/llm/parser.go:338.11,340.83 1 0
gocodenow/internal/llm/parser.go:340.83,342.7 1 0
gocodenow/internal/llm/parser.go:342.12,344.7 1 0
gocodenow/internal/llm/parser.go:346.10,348.5 1 0
gocodenow/internal/llm/parser.go:351.3,357.39 2 0
gocodenow/internal/llm/parser.go:360.2,360.17 1 0
gocodenow/internal/llm/parser.go:364.88,369.33 3 0
gocodenow/internal/llm/parser.go:369.33,372.36 2 0
gocodenow/internal/llm/parser.go:372.36,373.17 1 0
gocodenow/internal/llm/parser.go:373.17,375.10 2 0
gocodenow/internal/llm/parser.go:378.3,378.18 1 0
gocodenow/internal/llm/parser.go:378.18,380.4 1 0
gocodenow/internal/llm/parser.go:382.3,383.14 2 0
gocodenow/internal/llm/parser.go:383.14,385.4 1 0
gocodenow/internal/llm/parser.go:388.3,397.45 2 0
gocodenow/internal/llm/parser.go:400.2,400.25 1 0
gocodenow/internal/llm/parser.go:404.91,413.48 3 0
gocodenow/internal/llm/parser.go:413.48,420.60 2 0
gocodenow/internal/llm/parser.go:420.60,421.51 1 0
gocodenow/internal/llm/parser.go:421.51,422.44 1 0
gocodenow/internal/llm/parser.go:422.44,424.6 1 0
gocodenow/internal/llm/parser.go:426.4,426.58 1 0
gocodenow/internal/llm/parser.go:426.58,427.44 1 0
gocodenow/internal/llm/parser.go:427.44,429.6 1 0
gocodenow/internal/llm/parser.go:433.3,433.32 1 0
gocodenow/internal/llm/parser.go:436.2,441.3 1 0
gocodenow/internal/llm/providers.go:21.40,23.2 1 0
gocodenow/internal/llm/providers.go:26.38,28.2 1 1
gocodenow/internal/llm/providers.go:31.81,43.24 2 0
gocodenow/internal/llm/providers.go:43.24,45.3 1 0
gocodenow/internal/llm/providers.go:48.2,48.47 1 0
gocodenow/internal/llm/providers.go:48.47,50.3 1 0
gocodenow/internal/llm/providers.go:52.2,52.20 1 0
gocodenow/internal/llm/providers.go:56.73,57.27 1 0
gocodenow/internal/llm/providers.go:57.27,59.3 1 0
gocodenow/internal/llm/providers.go:61.2,61.24 1 0
gocodenow/internal/llm/providers.go:61.24,63.3 1 0
gocodenow/internal/llm/providers.go:67.2,67.12 1 0
gocodenow/internal/llm/providers.go:71.53,79.2 1 0
gocodenow/internal/llm/providers.go:82.67,85.2 1 0
gocodenow/internal/llm/providers.go:88.51,90.2 1 0
gocodenow/internal/llm/providers.go:101.91,106.16 3 0
gocodenow/internal/llm/providers.go:106.16,108.3 1 0
gocodenow/internal/llm/providers.go:111.2,112.16 2 0
gocodenow/internal/llm/providers.go:112.16,114.3 1 0
gocodenow/internal/llm/providers.go:117.2,117.36 1 0
gocodenow/internal/llm/providers.go:117.36,119.3 1 0
gocodenow/internal/llm/providers.go:122.2,123.16 2 0
gocodenow/internal/llm/providers.go:123.16,125.3 1 0
gocodenow/internal/llm/providers.go:126.2,130.16 3 0
gocodenow/internal/llm/providers.go:130.16,132.3 1 0
gocodenow/internal/llm/providers.go:135.2,135.38 1 0
gocodenow/internal/llm/providers.go:135.38,137.3 1 0
gocodenow/internal/llm/providers.go:140.2,141.60 2 0
gocodenow/internal/llm/providers.go:141.60,143.3 1 0
gocodenow/internal/llm/providers.go:145.2,145.23 1 0
gocodenow/internal/llm/providers.go:149.103,157.16 4 0
gocodenow/internal/llm/providers.go:157.16,159.3 1 0
gocodenow/internal/llm/providers.go:162.2,163.16 2 0
gocodenow/internal/llm/providers.go:163.16,165.3 1 0
gocodenow/internal/llm/providers.go:168.2,168.36 1 0
gocodenow/internal/llm/providers.go:168.36,170.3 1 0
gocodenow/internal/llm/providers.go:171.2,175.16 3 0
gocodenow/internal/llm/providers.go:175.16,177.3 1 0
gocodenow/internal/llm/providers.go:180.2,180.38 1 0
gocodenow/internal/llm/providers.go:180.38,184.3 3 0
gocodenow/internal/llm/providers.go:187.2,191.23 3 0
gocodenow/internal/llm/providers.go:195.117,202.21 5 0
gocodenow/internal/llm/providers.go:202.21,207.36 3 0
gocodenow/internal/llm/providers.go:207.36,208.12 1 0
gocodenow/internal/llm/providers.go:212.3,214.10 2 0
gocodenow/internal/llm/providers.go:215.27,215.27 0 0
gocodenow/internal/llm/providers.go:216.21,217.10 1 0
gocodenow/internal/llm/providers.go:221.3,221.27 1 0
gocodenow/internal/llm/providers.go:221.27,223.4 1 0
gocodenow/internal/llm/providers.go:226.2,226.38 1 0
gocodenow/internal/llm/providers.go:226.38,227.10 1 0
gocodenow/internal/llm/providers.go:232.5,232.5 0 0
gocodenow/internal/llm/providers.go:233.21,233.21 0 0
gocodenow/internal/llm/providers.go:239.79,246.39 2 0
gocodenow/internal/llm/providers.go:246.39,250.26 2 0
gocodenow/internal/llm/providers.go:250.26,253.4 2 0
gocodenow/internal/llm/providers.go:256.3,257.70 2 0
gocodenow/internal/llm/providers.go:257.70,261.4 3 0
gocodenow/internal/llm/providers.go:263.3,265.15 3 0
gocodenow/internal/llm/providers.go:269.2,269.40 1 0
gocodenow/internal/llm/providers.go:269.40,272.3 2 0
gocodenow/internal/llm/providers.go:275.2,276.14 2 0
gocodenow/internal/llm/providers.go:280.81,285.16 3 0
gocodenow/internal/llm/providers.go:285.16,287.3 1 0
gocodenow/internal/llm/providers.go:290.2,290.36 1 0
gocodenow/internal/llm/providers.go:290.36,292.3 1 0
gocodenow/internal/llm/providers.go:295.2,296.16 2 0
gocodenow/internal/llm/providers.go:296.16,298.3 1 0
gocodenow/internal/llm/providers.go:299.2,303.16 3 0
gocodenow/internal/llm/providers.go:303.16,305.3 1 0
gocodenow/internal/llm/providers.go:308.2,308.38 1 0
gocodenow/internal/llm/providers.go:308.38,310.3 1 0
gocodenow/internal/llm/providers.go:313.2,314.58 2 0
gocodenow/internal/llm/providers.go:314.58,316.3 1 0
gocodenow/internal/llm/providers.go:318.2,318.25 1 0
gocodenow/internal/llm/providers.go:322.90,327.16 3 0
gocodenow/internal/llm/providers.go:327.16,329.3 1 0
gocodenow/internal/llm/providers.go:332.2,332.36 1 0
gocodenow/internal/llm/providers.go:332.36,334.3 1 0
gocodenow/internal/llm/providers.go:337.2,338.16 2 0
gocodenow/internal/llm/providers.go:338.16,340.3 1 0
gocodenow/internal/llm/providers.go:341.2,345.16 3 0
gocodenow/internal/llm/providers.go:345.16,347.3 1 0
gocodenow/internal/llm/providers.go:350.2,350.44 1 0
gocodenow/internal/llm/providers.go:350.44,352.3 1 0
gocodenow/internal/llm/providers.go:353.2,353.38 1 0
gocodenow/internal/llm/providers.go:353.38,355.3 1 0
gocodenow/internal/llm/providers.go:358.2,359.57 2 0
gocodenow/internal/llm/providers.go:359.57,361.3 1 0
gocodenow/internal/llm/providers.go:363.2,363.24 1 0
gocodenow/internal/llm/providers.go:367.38,369.25 1 1
gocodenow/internal/llm/providers.go:369.25,371.3 1 1
gocodenow/internal/llm/providers.go:372.2,372.12 1 1
gocodenow/internal/llm/providers.go:376.42,378.2 1 1
gocodenow/internal/llm/providers.go:381.51,383.2 1 0
gocodenow/internal/llm/providers.go:386.78,389.90 2 0
gocodenow/internal/llm/providers.go:389.90,391.3 1 0
gocodenow/internal/llm/providers.go:394.2,395.41 1 0
gocodenow/internal/llm/providers.go:399.78,402.20 2 0
gocodenow/internal/llm/providers.go:403.31,404.36 1 0
gocodenow/internal/llm/providers.go:405.34,406.31 1 0
gocodenow/internal/llm/providers.go:407.29,408.36 1 0
gocodenow/internal/llm/providers.go:409.27,410.50 1 0
gocodenow/internal/llm/providers.go:410.50,412.4 1 0
gocodenow/internal/llm/providers.go:412.9,414.4 1 0
gocodenow/internal/llm/providers.go:415.40,416.32 1 0
gocodenow/internal/llm/providers.go:417.10,418.24 1 0
gocodenow/internal/llm/providers.go:418.24,420.4 1 0
gocodenow/internal/llm/providers.go:420.9,422.4 1 0
gocodenow/internal/llm/providers.go:425.2,431.12 6 0
gocodenow/internal/llm/providers.go:438.43,440.2 1 0
gocodenow/internal/llm/providers.go:443.41,445.2 1 1
gocodenow/internal/llm/providers.go:448.84,461.24 2 0
gocodenow/internal/llm/providers.go:461.24,463.3 1 0
gocodenow/internal/llm/providers.go:465.2,465.20 1 0
gocodenow/internal/llm/providers.go:469.76,470.27 1 0
gocodenow/internal/llm/providers.go:470.27,472.3 1 0
gocodenow/internal/llm/providers.go:474.2,474.24 1 0
gocodenow/internal/llm/providers.go:474.24,476.3 1 0
gocodenow/internal/llm/providers.go:478.2,478.24 1 0
gocodenow/internal/llm/providers.go:478.24,480.3 1 0
gocodenow/internal/llm/providers.go:482.2,482.12 1 0
gocodenow/internal/llm/providers.go:486.56,495.2 1 0
gocodenow/internal/llm/providers.go:498.70,501.2 1 0
gocodenow/internal/llm/providers.go:504.54,506.2 1 0
gocodenow/internal/llm/providers.go:517.94,523.16 3 0
gocodenow/internal/llm/providers.go:523.16,525.3 1 0
gocodenow/internal/llm/providers.go:528.2,529.16 2 0
gocodenow/internal/llm/providers.go:529.16,531.3 1 0
gocodenow/internal/llm/providers.go:534.2,534.36 1 0
gocodenow/internal/llm/providers.go:534.36,536.3 1 0
gocodenow/internal/llm/providers.go:539.2,540.16 2 0
gocodenow/internal/llm/providers.go:540.16,542.3 1 0
gocodenow/internal/llm/providers.go:543.2,547.16 3 0
gocodenow/internal/llm/providers.go:547.16,549.3 1 0
gocodenow/internal/llm/providers.go:552.2,552.38 1 0
gocodenow/internal/llm/providers.go:552.38,554.3 1 0
gocodenow/internal/llm/providers.go:557.2,558.61 2 0
gocodenow/internal/llm/providers.go:558.61,560.3 1 0
gocodenow/internal/llm/providers.go:563.2,563.56 1 0
gocodenow/internal/llm/providers.go:567.106,574.16 4 0
gocodenow/internal/llm/providers.go:574.16,576.3 1 0
gocodenow/internal/llm/providers.go:579.2,580.16 2 0
gocodenow/internal/llm/providers.go:580.16,582.3 1 0
gocodenow/internal/llm/providers.go:585.2,585.36 1 0
gocodenow/internal/llm/providers.go:585.36,587.3 1 0
gocodenow/internal/llm/providers.go:588.2,593.16 4 0
gocodenow/internal/llm/providers.go:593.16,595.3 1 0
gocodenow/internal/llm/providers.go:598.2,598.38 1 0
gocodenow/internal/llm/providers.go:598.38,602.3 3 0
gocodenow/internal/llm/providers.go:605.2,610.23 3 0
gocodenow/internal/llm/providers.go:614.84,620.33 4 0
gocodenow/internal/llm/providers.go:620.33,627.3 1 0
gocodenow/internal/llm/providers.go:629.2,632.8 1 0
gocodenow/internal/llm/providers.go:636.93,642.40 3 0
[...]
gocodenow/internal/context/detector.go:53.2,53.24 1 1
gocodenow/internal/context/detector.go:53.24,54.69 1 1
gocodenow/internal/context/detector.go:54.69,55.43 1 0
gocodenow/internal/context/detector.go:55.43,57.5 1 0
gocodenow/internal/context/detector.go:62.2,63.16 2 1
gocodenow/internal/context/detector.go:63.16,65.3 1 0
gocodenow/internal/context/detector.go:68.2,76.85 2 1
gocodenow/internal/context/detector.go:76.85,78.25 2 1
gocodenow/internal/context/detector.go:78.25,81.35 2 1
gocodenow/internal/context/detector.go:81.35,82.61 1 1
gocodenow/internal/context/detector.go:82.61,84.6 1 1
gocodenow/internal/context/detector.go:86.4,86.38 1 1
gocodenow/internal/context/detector.go:91.2,91.94 1 1
gocodenow/internal/context/detector.go:91.94,93.28 2 1
gocodenow/internal/context/detector.go:93.28,95.4 1 1
gocodenow/internal/context/detector.go:99.2,99.76 1 1
gocodenow/internal/context/detector.go:99.76,102.3 2 1
gocodenow/internal/context/detector.go:105.2,105.28 1 1
gocodenow/internal/context/detector.go:105.28,106.66 1 1
gocodenow/internal/context/detector.go:106.66,108.4 1 1
gocodenow/internal/context/detector.go:112.2,112.27 1 1
gocodenow/internal/context/detector.go:112.27,114.3 1 0
gocodenow/internal/context/detector.go:117.2,117.24 1 1
gocodenow/internal/context/detector.go:117.24,119.3 1 1
gocodenow/internal/context/detector.go:121.2,121.17 1 1
gocodenow/internal/context/detector.go:125.75,126.16 1 0
gocodenow/internal/context/detector.go:126.16,128.3 1 0
gocodenow/internal/context/detector.go:131.2,134.89 2 0
gocodenow/internal/context/detector.go:134.89,136.3 1 0
gocodenow/internal/context/detector.go:138.2,138.98 1 0
gocodenow/internal/context/detector.go:138.98,140.3 1 0
gocodenow/internal/context/detector.go:142.2,142.80 1 0
gocodenow/internal/context/detector.go:142.80,144.3 1 0
gocodenow/internal/context/detector.go:146.2,146.28 1 0
gocodenow/internal/context/detector.go:146.28,147.70 1 0
gocodenow/internal/context/detector.go:147.70,149.4 1 0
gocodenow/internal/context/detector.go:153.2,153.24 1 0
gocodenow/internal/context/detector.go:153.24,155.3 1 0
gocodenow/internal/context/detector.go:157.2,157.12 1 0
gocodenow/internal/context/detector.go:161.69,163.16 2 1
gocodenow/internal/context/detector.go:163.16,165.3 1 1
gocodenow/internal/context/detector.go:167.2,167.19 1 1
gocodenow/internal/context/detector.go:167.19,169.3 1 1
gocodenow/internal/context/detector.go:172.2,172.44 1 1
gocodenow/internal/context/detector.go:172.44,174.3 1 0
gocodenow/internal/context/detector.go:176.2,176.13 1 1
gocodenow/internal/context/detector.go:180.85,183.6 2 1
gocodenow/internal/context/detector.go:183.6,185.33 1 1
gocodenow/internal/context/detector.go:185.33,187.4 1 1
gocodenow/internal/context/detector.go:189.3,190.24 2 0
gocodenow/internal/context/detector.go:190.24,192.9 1 0
gocodenow/internal/context/detector.go:194.3,194.19 1 0
gocodenow/internal/context/detector.go:198.2,202.3 1 0
gocodenow/internal/context/detector.go:206.68,227.39 2 1
gocodenow/internal/context/detector.go:227.39,228.68 1 1
gocodenow/internal/context/detector.go:228.68,230.4 1 1
gocodenow/internal/context/detector.go:233.2,233.14 1 0
gocodenow/internal/context/detector.go:237.93,243.95 2 1
gocodenow/internal/context/detector.go:243.95,244.17 1 1
gocodenow/internal/context/detector.go:244.17,246.4 1 0
gocodenow/internal/context/detector.go:249.3,251.33 3 1
gocodenow/internal/context/detector.go:251.33,252.21 1 0
gocodenow/internal/context/detector.go:252.21,254.5 1 0
gocodenow/internal/context/detector.go:255.4,255.14 1 0
gocodenow/internal/context/detector.go:259.3,259.69 1 1
gocodenow/internal/context/detector.go:259.69,260.21 1 1
gocodenow/internal/context/detector.go:260.21,262.5 1 1
gocodenow/internal/context/detector.go:263.4,263.14 1 1
gocodenow/internal/context/detector.go:267.3,267.20 1 1
gocodenow/internal/context/detector.go:267.20,270.4 2 1
gocodenow/internal/context/detector.go:273.3,274.17 2 1
gocodenow/internal/context/detector.go:274.17,276.4 1 0
gocodenow/internal/context/detector.go:278.3,281.83 2 1
gocodenow/internal/context/detector.go:281.83,283.4 1 1
gocodenow/internal/context/detector.go:286.3,293.35 2 1
gocodenow/internal/context/detector.go:293.35,295.4 1 1
gocodenow/internal/context/detector.go:295.9,298.41 2 0
gocodenow/internal/context/detector.go:298.41,299.49 1 0
gocodenow/internal/context/detector.go:299.49,301.6 1 0
gocodenow/internal/context/detector.go:303.4,303.55 1 0
gocodenow/internal/context/detector.go:303.55,305.5 1 0
gocodenow/internal/context/detector.go:308.3,308.13 1 1
gocodenow/internal/context/detector.go:311.2,311.19 1 1
gocodenow/internal/context/detector.go:315.58,317.2 1 1
gocodenow/internal/context/git.go:15.43,17.2 1 1
gocodenow/internal/context/git.go:20.84,31.39 2 1
gocodenow/internal/context/git.go:31.39,33.3 1 0
gocodenow/internal/context/git.go:35.2,39.16 3 1
gocodenow/internal/context/git.go:39.16,41.3 1 1
gocodenow/internal/context/git.go:44.2,44.66 1 1
gocodenow/internal/context/git.go:44.66,46.3 1 0
gocodenow/internal/context/git.go:49.2,49.65 1 1
gocodenow/internal/context/git.go:49.65,51.3 1 0
gocodenow/internal/context/git.go:54.2,57.74 2 1
gocodenow/internal/context/git.go:57.74,59.3 1 1
gocodenow/internal/context/git.go:61.2,61.21 1 1
gocodenow/internal/context/git.go:65.81,67.16 2 1
gocodenow/internal/context/git.go:67.16,69.3 1 1
gocodenow/internal/context/git.go:70.2,75.21 4 1
gocodenow/internal/context/git.go:75.21,79.49 2 1
gocodenow/internal/context/git.go:79.49,80.12 1 0
gocodenow/internal/context/git.go:83.3,83.36 1 1
gocodenow/internal/context/git.go:86.2,86.32 1 1
gocodenow/internal/context/git.go:90.81,94.35 2 1
gocodenow/internal/context/git.go:94.35,95.51 1 1
gocodenow/internal/context/git.go:95.51,97.4 1 1
gocodenow/internal/context/git.go:100.2,100.14 1 1
gocodenow/internal/context/git.go:104.64,107.47 2 1
gocodenow/internal/context/git.go:107.47,109.3 1 1
gocodenow/internal/context/git.go:112.2,113.20 2 0
gocodenow/internal/context/git.go:113.20,115.3 1 0
gocodenow/internal/context/git.go:117.2,117.34 1 0
gocodenow/internal/context/git.go:121.76,124.6 2 1
gocodenow/internal/context/git.go:124.6,126.45 2 1
gocodenow/internal/context/git.go:126.45,128.4 1 1
gocodenow/internal/context/git.go:130.3,131.24 2 0
gocodenow/internal/context/git.go:131.24,132.9 1 0
gocodenow/internal/context/git.go:134.3,134.19 1 0
gocodenow/internal/context/git.go:137.2,141.3 1 0
gocodenow/internal/context/git.go:145.85,150.16 4 1
gocodenow/internal/context/git.go:150.16,153.3 1 1
gocodenow/internal/context/git.go:155.2,156.18 2 0
gocodenow/internal/context/git.go:156.18,158.3 1 0
gocodenow/internal/context/git.go:160.2,160.20 1 0
gocodenow/internal/context/git.go:164.86,166.16 2 1
gocodenow/internal/context/git.go:166.16,168.3 1 0
gocodenow/internal/context/git.go:170.2,172.16 3 1
gocodenow/internal/context/git.go:172.16,174.3 1 1
gocodenow/internal/context/git.go:176.2,179.56 2 0
gocodenow/internal/context/git.go:179.56,181.3 1 0
gocodenow/internal/context/git.go:184.2,184.20 1 0
gocodenow/internal/context/git.go:188.81,193.16 4 1
gocodenow/internal/context/git.go:193.16,195.3 1 1
gocodenow/internal/context/git.go:197.2,197.47 1 0
gocodenow/internal/context/git.go:201.79,205.34 3 1
gocodenow/internal/context/git.go:205.34,207.3 1 1
gocodenow/internal/context/git.go:210.2,212.34 3 0
gocodenow/internal/context/git.go:212.34,214.3 1 0
gocodenow/internal/context/git.go:217.2,220.62 4 0
gocodenow/internal/context/git.go:220.62,222.3 1 0
gocodenow/internal/context/git.go:224.2,224.14 1 0
gocodenow/internal/context/git.go:228.84,237.44 3 1
gocodenow/internal/context/git.go:237.44,238.65 1 1
gocodenow/internal/context/git.go:238.65,240.4 1 1
gocodenow/internal/context/git.go:244.2,256.64 3 1
gocodenow/internal/context/git.go:256.64,258.3 1 1
gocodenow/internal/context/git.go:260.2,260.25 1 1
gocodenow/internal/context/git.go:264.84,267.90 2 1
gocodenow/internal/context/git.go:267.90,268.17 1 1
gocodenow/internal/context/git.go:268.17,270.4 1 0
gocodenow/internal/context/git.go:272.3,272.20 1 1
gocodenow/internal/context/git.go:272.20,274.4 1 1
gocodenow/internal/context/git.go:276.3,276.34 1 1
gocodenow/internal/context/git.go:276.34,277.60 1 0
gocodenow/internal/context/git.go:277.60,279.5 1 0
gocodenow/internal/context/git.go:282.3,282.13 1 1
gocodenow/internal/context/git.go:285.2,285.25 1 1
gocodenow/internal/context/git.go:289.85,291.37 1 1
gocodenow/internal/context/git.go:291.37,293.3 1 0
gocodenow/internal/context/git.go:296.2,300.37 3 1
gocodenow/internal/context/git.go:300.37,303.3 2 1
gocodenow/internal/context/git.go:306.2,306.25 1 1
gocodenow/internal/context/git.go:306.25,308.3 1 0
gocodenow/internal/context/git.go:311.2,311.44 1 1
gocodenow/internal/context/git.go:315.76,317.36 1 1
gocodenow/internal/context/git.go:317.36,319.3 1 1
gocodenow/internal/context/git.go:322.2,322.71 1 1
gocodenow/internal/context/git.go:322.71,324.3 1 0
gocodenow/internal/context/git.go:327.2,328.68 2 1
gocodenow/internal/context/git.go:332.67,336.20 1 1
gocodenow/internal/context/git.go:336.20,338.3 1 0
gocodenow/internal/context/git.go:340.2,340.22 1 1
gocodenow/internal/context/git.go:340.22,342.3 1 0
gocodenow/internal/context/git.go:344.2,344.38 1 1
gocodenow/internal/context/git.go:344.38,347.3 2 1
gocodenow/internal/context/git.go:349.2,349.37 1 1
gocodenow/internal/context/git.go:349.37,352.3 2 0
gocodenow/internal/context/git.go:355.2,355.69 1 1
gocodenow/internal/context/language.go:18.53,26.2 3 1
gocodenow/internal/context/language.go:29.93,33.95 3 1
gocodenow/internal/context/language.go:33.95,34.17 1 1
gocodenow/internal/context/language.go:34.17,36.4 1 0
gocodenow/internal/context/language.go:38.3,38.20 1 1
gocodenow/internal/context/language.go:38.20,40.4 1 1
gocodenow/internal/context/language.go:43.3,43.37 1 1
gocodenow/internal/context/language.go:43.37,45.4 1 1
gocodenow/internal/context/language.go:47.3,50.66 2 1
gocodenow/internal/context/language.go:50.66,51.56 1 1
gocodenow/internal/context/language.go:51.56,54.5 2 0
gocodenow/internal/context/language.go:54.10,58.5 3 1
gocodenow/internal/context/language.go:61.3,61.13 1 1
gocodenow/internal/context/language.go:64.2,64.16 1 1
gocodenow/internal/context/language.go:64.16,66.3 1 0
gocodenow/internal/context/language.go:69.2,70.33 2 1
gocodenow/internal/context/language.go:70.33,73.23 2 1
gocodenow/internal/context/language.go:73.23,75.4 1 0
gocodenow/internal/context/language.go:77.3,80.69 2 1
gocodenow/internal/context/language.go:80.69,82.29 1 1
gocodenow/internal/context/language.go:82.29,84.5 1 0
gocodenow/internal/context/language.go:85.4,85.23 1 1
gocodenow/internal/context/language.go:88.3,88.39 1 1
gocodenow/internal/context/language.go:92.2,92.40 1 1
gocodenow/internal/context/language.go:92.40,93.43 1 0
gocodenow/internal/context/language.go:93.43,94.55 1 0
gocodenow/internal/context/language.go:94.55,96.5 1 0
gocodenow/internal/context/language.go:100.2,100.23 1 1
gocodenow/internal/context/language.go:104.83,107.59 2 1
gocodenow/internal/context/language.go:107.59,109.59 1 1
gocodenow/internal/context/language.go:109.59,113.4 3 1
gocodenow/internal/context/language.go:114.3,114.19 1 0
gocodenow/internal/context/language.go:118.2,118.32 1 1
gocodenow/internal/context/language.go:118.32,120.3 1 0
gocodenow/internal/context/language.go:122.2,122.17 1 1
gocodenow/internal/context/language.go:126.94,128.39 2 1
gocodenow/internal/context/language.go:128.39,130.3 1 1
gocodenow/internal/context/language.go:132.2,132.35 1 1
gocodenow/internal/context/language.go:132.35,133.39 1 1
gocodenow/internal/context/language.go:133.39,134.24 1 1
gocodenow/internal/context/language.go:134.24,136.5 1 1
gocodenow/internal/context/language.go:140.2,140.19 1 1
gocodenow/internal/context/language.go:144.57,265.27 2 1
gocodenow/internal/context/language.go:265.27,267.3 1 1
gocodenow/internal/context/language.go:270.2,270.24 1 1
gocodenow/internal/context/language.go:274.56,304.42 2 1
gocodenow/internal/context/language.go:304.42,306.39 2 1
gocodenow/internal/context/language.go:306.39,307.60 1 1
gocodenow/internal/context/language.go:307.60,309.5 1 1
gocodenow/internal/context/language.go:311.3,311.38 1 1
gocodenow/internal/context/language.go:316.87,318.16 2 0
gocodenow/internal/context/language.go:318.16,320.3 1 0
gocodenow/internal/context/language.go:321.2,328.40 5 0
gocodenow/internal/context/language.go:328.40,331.3 2 0
gocodenow/internal/context/language.go:334.2,334.21 1 0
gocodenow/internal/context/language.go:334.21,336.3 1 0
gocodenow/internal/context/language.go:338.2,338.38 1 0
gocodenow/internal/context/language.go:338.38,340.3 1 0
gocodenow/internal/context/language.go:343.2,343.45 1 0
gocodenow/internal/context/language.go:343.45,345.36 2 0
gocodenow/internal/context/language.go:345.36,346.31 1 0
gocodenow/internal/context/language.go:346.31,347.34 1 0
gocodenow/internal/context/language.go:347.34,349.6 1 0
gocodenow/internal/context/language.go:354.3,354.16 1 0
gocodenow/internal/context/language.go:354.16,355.53 1 0
gocodenow/internal/context/language.go:355.53,360.5 4 0
gocodenow/internal/context/language.go:364.2,364.17 1 0
gocodenow/internal/context/language.go:368.76,370.16 2 1
gocodenow/internal/context/language.go:370.16,372.3 1 0
gocodenow/internal/context/language.go:373.2,378.21 4 1
gocodenow/internal/context/language.go:378.21,380.3 1 1
gocodenow/internal/context/language.go:382.2,382.33 1 1
gocodenow/internal/context/language.go:386.72,388.38 1 1
gocodenow/internal/context/language.go:388.38,390.3 1 1
gocodenow/internal/context/language.go:393.2,406.39 3 1
gocodenow/internal/context/language.go:406.39,407.47 1 1
gocodenow/internal/context/language.go:407.47,409.4 1 0
gocodenow/internal/context/language.go:412.2,412.14 1 1
gocodenow/internal/context/types.go:184.49,195.2 1 1
gocodenow/internal/context/types.go:205.39,206.20 1 1
gocodenow/internal/context/types.go:206.20,208.3 1 1
gocodenow/internal/context/types.go:209.2,209.18 1 1
gocodenow/internal/context/types.go:212.39,214.2 1 1
gocodenow/internal/models/conversation.go:21.87,32.2 3 1
gocodenow/internal/models/conversation.go:35.60,42.2 1 1
gocodenow/internal/models/conversation.go:45.70,48.2 2 1
gocodenow/internal/models/conversation.go:51.95,54.2 2 0
gocodenow/internal/models/conversation.go:57.50,59.2 1 1
gocodenow/internal/models/conversation.go:62.55,64.48 2 1
gocodenow/internal/models/conversation.go:64.48,66.3 1 1
gocodenow/internal/models/conversation.go:72.43,74.21 2 1
gocodenow/internal/models/conversation.go:74.21,76.3 1 1
gocodenow/internal/models/conversation.go:80.45,82.42 2 1
gocodenow/internal/models/conversation.go:82.42,84.3 1 1
gocodenow/internal/models/conversation.go:88.49,90.60 2 1
gocodenow/internal/models/conversation.go:90.60,94.31 2 1
gocodenow/internal/models/conversation.go:94.31,96.4 1 1
gocodenow/internal/models/conversation.go:101.98,127.30 3 1
gocodenow/internal/models/conversation.go:127.30,128.58 1 1
gocodenow/internal/models/conversation.go:128.58,130.4 1 1
gocodenow/internal/models/conversation.go:134.2,139.12 3 1
gocodenow/internal/models/conversation.go:143.53,144.14 1 1
gocodenow/internal/models/conversation.go:144.14,146.3 1 1
gocodenow/internal/models/conversation.go:150.47,151.30 1 1
gocodenow/internal/models/conversation.go:151.30,155.3 2 0
gocodenow/internal/models/conversation.go:158.2,159.16 2 1
gocodenow/internal/models/conversation.go:159.16,164.3 3 0
gocodenow/internal/models/conversation.go:165.2,167.37 2 1
gocodenow/internal/models/conversation.go:167.37,169.3 1 1
gocodenow/internal/models/conversation.go:172.2,172.41 1 1
gocodenow/internal/models/conversation.go:172.41,173.31 1 0
gocodenow/internal/models/conversation.go:173.31,175.4 1 0
gocodenow/internal/models/conversation.go:175.9,177.4 1 0
gocodenow/internal/models/conversation.go:180.2,180.18 1 1
gocodenow/internal/models/conversation.go:187.101,191.33 2 1
gocodenow/internal/models/conversation.go:191.33,192.46 1 1
gocodenow/internal/models/conversation.go:192.46,196.32 2 1
gocodenow/internal/models/conversation.go:196.32,197.71 1 1
gocodenow/internal/models/conversation.go:197.71,199.6 1 0
gocodenow/internal/models/conversation.go:201.4,201.14 1 1
gocodenow/internal/models/conversation.go:205.2,205.12 1 0
gocodenow/internal/models/conversation.go:209.109,213.33 2 1
gocodenow/internal/models/conversation.go:213.33,214.46 1 1
gocodenow/internal/models/conversation.go:214.46,216.4 1 1
gocodenow/internal/models/conversation.go:220.2,220.30 1 1
gocodenow/internal/models/conversation.go:220.30,222.17 2 1
gocodenow/internal/models/conversation.go:222.17,225.61 1 1
gocodenow/internal/models/conversation.go:225.61,227.5 1 1
gocodenow/internal/models/conversation.go:228.4,228.19 1 0
gocodenow/internal/models/conversation.go:230.3,230.24 1 0
gocodenow/internal/models/conversation.go:230.24,232.4 1 0
gocodenow/internal/models/conversation.go:235.2,235.17 1 0
gocodenow/internal/models/conversation.go:239.80,241.30 1 1
gocodenow/internal/models/conversation.go:241.30,242.66 1 1
gocodenow/internal/models/conversation.go:242.66,244.4 1 0
gocodenow/internal/models/conversation.go:248.2,248.40 1 1
gocodenow/internal/models/conversation.go:248.40,249.33 1 1
gocodenow/internal/models/conversation.go:249.33,253.24 2 1
gocodenow/internal/models/conversation.go:253.24,254.24 1 1
gocodenow/internal/models/conversation.go:254.24,256.6 1 1
gocodenow/internal/models/conversation.go:256.11,256.41 1 0
gocodenow/internal/models/conversation.go:256.41,258.6 1 0
gocodenow/internal/models/conversation.go:260.4,260.9 1 1
gocodenow/internal/models/conversation.go:264.2,264.12 1 1
gocodenow/internal/models/conversation.go:268.53,271.2 2 1
gocodenow/internal/models/conversation.go:274.46,275.30 1 0
gocodenow/internal/models/conversation.go:275.30,277.3 1 0
gocodenow/internal/models/conversation.go:278.2,278.12 1 0
gocodenow/internal/models/conversation.go:282.24,283.11 1 0
gocodenow/internal/models/conversation.go:283.11,285.3 1 0
gocodenow/internal/models/conversation.go:286.2,286.10 1 0
gocodenow/internal/models/conversation.go:289.24,290.11 1 0
gocodenow/internal/models/conversation.go:290.11,292.3 1 0
gocodenow/internal/models/conversation.go:293.2,293.10 1 0
gocodenow/internal/models/input.go:14.34,21.2 1 0
gocodenow/internal/models/input.go:24.43,26.2 1 0
gocodenow/internal/models/input.go:29.43,31.2 1 0
gocodenow/internal/models/input.go:34.42,36.2 1 0
gocodenow/internal/models/input.go:39.45,41.2 1 0
gocodenow/internal/models/input.go:44.40,46.2 1 0
gocodenow/internal/models/input.go:49.31,54.2 4 0
gocodenow/internal/models/input.go:57.38,58.23 1 0
gocodenow/internal/models/input.go:58.23,60.50 2 0
gocodenow/internal/models/input.go:60.50,62.4 1 0
gocodenow/internal/models/input.go:63.3,63.27 1 0
gocodenow/internal/models/input.go:68.40,69.37 1 0
gocodenow/internal/models/input.go:69.37,71.50 2 0
gocodenow/internal/models/input.go:71.50,73.4 1 0
gocodenow/internal/models/input.go:74.3,74.27 1 0
gocodenow/internal/models/input.go:79.40,80.22 1 0
gocodenow/internal/models/input.go:80.22,82.3 1 0
gocodenow/internal/models/input.go:86.41,87.49 1 0
gocodenow/internal/models/input.go:87.49,89.3 1 0
gocodenow/internal/models/input.go:93.47,97.2 3 0
gocodenow/internal/models/input.go:100.39,118.2 12 0
gocodenow/internal/models/input.go:121.35,122.22 1 0
gocodenow/internal/models/input.go:122.22,126.3 3 0
gocodenow/internal/models/input.go:126.8,126.30 1 0
gocodenow/internal/models/input.go:126.30,134.3 6 0
gocodenow/internal/models/input.go:138.47,140.21 2 0
gocodenow/internal/models/input.go:140.21,143.3 1 0
gocodenow/internal/models/input.go:143.8,167.3 15 0
gocodenow/internal/models/input.go:171.45,175.37 2 0
gocodenow/internal/models/input.go:175.37,177.3 1 0
gocodenow/internal/models/input.go:180.2,180.56 1 0
gocodenow/internal/models/input.go:180.56,182.3 1 0
gocodenow/internal/models/input.go:185.2,185.25 1 0
gocodenow/internal/models/input.go:185.25,187.3 1 0
